# JRE version: Java(TM) SE Runtime Environment (8.0_60-b27) (build 1.8.0_60-b27)
# Java VM: Java HotSpot(TM) 64-Bit Server VM (25.60-b23 mixed mode windows-amd64 compressed oops)
Heap:
 PSYoungGen      total 94208K, used 45300K [0x00000000eab00000, 0x00000000f1380000, 0x0000000100000000)
  eden space 86528K, 43% used [0x00000000eab00000,0x00000000ed005718,0x00000000eff80000)
  from space 7680K, 96% used [0x00000000f0c00000,0x00000000f1337978,0x00000000f1380000)
  to   space 10240K, 0% used [0x00000000eff80000,0x00000000eff80000,0x00000000f0980000)
 ParOldGen       total 69120K, used 10739K [0x00000000c0000000, 0x00000000c4380000, 0x00000000eab00000)
  object space 69120K, 15% used [0x00000000c0000000,0x00000000c0a7cfd8,0x00000000c4380000)
 Metaspace       used 30768K, capacity 31396K, committed 31488K, reserved 1077248K
  class space    used 4146K, capacity 4340K, committed 4352K, reserved 1048576K
GC Heap History (10 events):
Event: 1.707 GC heap before
{Heap before GC invocations=3 (full 0):
 PSYoungGen      total 38400K, used 38375K [0x00000000eab00000, 0x00000000ed580000, 0x0000000100000000)
  eden space 33280K, 100% used [0x00000000eab00000,0x00000000ecb80000,0x00000000ecb80000)
  from space 5120K, 99% used [0x00000000ed080000,0x00000000ed579ca8,0x00000000ed580000)
  to   space 5120K, 0% used [0x00000000ecb80000,0x00000000ecb80000,0x00000000ed080000)
 ParOldGen       total 87552K, used 1646K [0x00000000c0000000, 0x00000000c5580000, 0x00000000eab00000)
  object space 87552K, 1% used [0x00000000c0000000,0x00000000c019b9b0,0x00000000c5580000)
 Metaspace       used 18910K, capacity 19270K, committed 19584K, reserved 1067008K
  class space    used 2485K, capacity 2587K, committed 2688K, reserved 1048576K
Event: 1.721 GC heap after
Heap after GC invocations=3 (full 0):
 PSYoungGen      total 38400K, used 5088K [0x00000000eab00000, 0x00000000ef600000, 0x0000000100000000)
  eden space 33280K, 0% used [0x00000000eab00000,0x00000000eab00000,0x00000000ecb80000)
  from space 5120K, 99% used [0x00000000ecb80000,0x00000000ed078060,0x00000000ed080000)
  to   space 5120K, 0% used [0x00000000ef100000,0x00000000ef100000,0x00000000ef600000)
 ParOldGen       total 87552K, used 5420K [0x00000000c0000000, 0x00000000c5580000, 0x00000000eab00000)
  object space 87552K, 6% used [0x00000000c0000000,0x00000000c054b290,0x00000000c5580000)
 Metaspace       used 18910K, capacity 19270K, committed 19584K, reserved 1067008K
  class space    used 2485K, capacity 2587K, committed 2688K, reserved 1048576K
}
Event: 2.217 GC heap before
{Heap before GC invocations=4 (full 0):
 PSYoungGen      total 38400K, used 32667K [0x00000000eab00000, 0x00000000ef600000, 0x0000000100000000)
  eden space 33280K, 82% used [0x00000000eab00000,0x00000000ec5eebc0,0x00000000ecb80000)
  from space 5120K, 99% used [0x00000000ecb80000,0x00000000ed078060,0x00000000ed080000)
  to   space 5120K, 0% used [0x00000000ef100000,0x00000000ef100000,0x00000000ef600000)
 ParOldGen       total 87552K, used 5420K [0x00000000c0000000, 0x00000000c5580000, 0x00000000eab00000)
  object space 87552K, 6% used [0x00000000c0000000,0x00000000c054b290,0x00000000c5580000)
 Metaspace       used 20842K, capacity 21228K, committed 21296K, reserved 1067008K
  class space    used 2802K, capacity 2916K, committed 2944K, reserved 1048576K
Event: 2.232 GC heap after
Heap after GC invocations=4 (full 0):
 PSYoungGen      total 71680K, used 5104K [0x00000000eab00000, 0x00000000ef600000, 0x0000000100000000)
  eden space 66560K, 0% used [0x00000000eab00000,0x00000000eab00000,0x00000000eec00000)
  from space 5120K, 99% used [0x00000000ef100000,0x00000000ef5fc030,0x00000000ef600000)
  to   space 5120K, 0% used [0x00000000eec00000,0x00000000eec00000,0x00000000ef100000)
 ParOldGen       total 87552K, used 8894K [0x00000000c0000000, 0x00000000c5580000, 0x00000000eab00000)
  object space 87552K, 10% used [0x00000000c0000000,0x00000000c08afa30,0x00000000c5580000)
 Metaspace       used 20842K, capacity 21228K, committed 21296K, reserved 1067008K
  class space    used 2802K, capacity 2916K, committed 2944K, reserved 1048576K
}
Event: 2.232 GC heap before
{Heap before GC invocations=5 (full 1):
 PSYoungGen      total 71680K, used 5104K [0x00000000eab00000, 0x00000000ef600000, 0x0000000100000000)
  eden space 66560K, 0% used [0x00000000eab00000,0x00000000eab00000,0x00000000eec00000)
  from space 5120K, 99% used [0x00000000ef100000,0x00000000ef5fc030,0x00000000ef600000)
  to   space 5120K, 0% used [0x00000000eec00000,0x00000000eec00000,0x00000000ef100000)
 ParOldGen       total 87552K, used 8894K [0x00000000c0000000, 0x00000000c5580000, 0x00000000eab00000)
  object space 87552K, 10% used [0x00000000c0000000,0x00000000c08afa30,0x00000000c5580000)
 Metaspace       used 20842K, capacity 21228K, committed 21296K, reserved 1067008K
  class space    used 2802K, capacity 2916K, committed 2944K, reserved 1048576K
Event: 2.300 GC heap after
Heap after GC invocations=5 (full 1):
 PSYoungGen      total 71680K, used 0K [0x00000000eab00000, 0x00000000ef600000, 0x0000000100000000)
  eden space 66560K, 0% used [0x00000000eab00000,0x00000000eab00000,0x00000000eec00000)
  from space 5120K, 0% used [0x00000000ef100000,0x00000000ef100000,0x00000000ef600000)
  to   space 5120K, 0% used [0x00000000eec00000,0x00000000eec00000,0x00000000ef100000)
 ParOldGen       total 69120K, used 9308K [0x00000000c0000000, 0x00000000c4380000, 0x00000000eab00000)
  object space 69120K, 13% used [0x00000000c0000000,0x00000000c0917168,0x00000000c4380000)
 Metaspace       used 20842K, capacity 21228K, committed 21296K, reserved 1067008K
  class space    used 2802K, capacity 2916K, committed 2944K, reserved 1048576K
}
Event: 3.338 GC heap before
{Heap before GC invocations=6 (full 1):
 PSYoungGen      total 71680K, used 66560K [0x00000000eab00000, 0x00000000ef600000, 0x0000000100000000)
  eden space 66560K, 100% used [0x00000000eab00000,0x00000000eec00000,0x00000000eec00000)
  from space 5120K, 0% used [0x00000000ef100000,0x00000000ef100000,0x00000000ef600000)
  to   space 5120K, 0% used [0x00000000eec00000,0x00000000eec00000,0x00000000ef100000)
 ParOldGen       total 69120K, used 9308K [0x00000000c0000000, 0x00000000c4380000, 0x00000000eab00000)
  object space 69120K, 13% used [0x00000000c0000000,0x00000000c0917168,0x00000000c4380000)
 Metaspace       used 26564K, capacity 27078K, committed 27392K, reserved 1073152K
  class space    used 3627K, capacity 3771K, committed 3840K, reserved 1048576K
Event: 3.345 GC heap after
Heap after GC invocations=6 (full 1):
 PSYoungGen      total 71680K, used 5099K [0x00000000eab00000, 0x00000000f1600000, 0x0000000100000000)
  eden space 66560K, 0% used [0x00000000eab00000,0x00000000eab00000,0x00000000eec00000)
  from space 5120K, 99% used [0x00000000eec00000,0x00000000ef0faf98,0x00000000ef100000)
  to   space 10240K, 0% used [0x00000000f0c00000,0x00000000f0c00000,0x00000000f1600000)
 ParOldGen       total 69120K, used 10667K [0x00000000c0000000, 0x00000000c4380000, 0x00000000eab00000)
  object space 69120K, 15% used [0x00000000c0000000,0x00000000c0a6afc8,0x00000000c4380000)
 Metaspace       used 26564K, capacity 27078K, committed 27392K, reserved 1073152K
  class space    used 3627K, capacity 3771K, committed 3840K, reserved 1048576K
}
Event: 4.544 GC heap before
{Heap before GC invocations=7 (full 1):
 PSYoungGen      total 71680K, used 71659K [0x00000000eab00000, 0x00000000f1600000, 0x0000000100000000)
  eden space 66560K, 100% used [0x00000000eab00000,0x00000000eec00000,0x00000000eec00000)
  from space 5120K, 99% used [0x00000000eec00000,0x00000000ef0faf98,0x00000000ef100000)
  to   space 10240K, 0% used [0x00000000f0c00000,0x00000000f0c00000,0x00000000f1600000)
 ParOldGen       total 69120K, used 10667K [0x00000000c0000000, 0x00000000c4380000, 0x00000000eab00000)
  object space 69120K, 15% used [0x00000000c0000000,0x00000000c0a6afc8,0x00000000c4380000)
 Metaspace       used 29817K, capacity 30366K, committed 30592K, reserved 1075200K
  class space    used 4031K, capacity 4211K, committed 4224K, reserved 1048576K
Event: 4.550 GC heap after
Heap after GC invocations=7 (full 1):
 PSYoungGen      total 94208K, used 7390K [0x00000000eab00000, 0x00000000f1380000, 0x0000000100000000)
  eden space 86528K, 0% used [0x00000000eab00000,0x00000000eab00000,0x00000000eff80000)
  from space 7680K, 96% used [0x00000000f0c00000,0x00000000f1337978,0x00000000f1380000)
  to   space 10240K, 0% used [0x00000000eff80000,0x00000000eff80000,0x00000000f0980000)
 ParOldGen       total 69120K, used 10739K [0x00000000c0000000, 0x00000000c4380000, 0x00000000eab00000)
  object space 69120K, 15% used [0x00000000c0000000,0x00000000c0a7cfd8,0x00000000c4380000)
 Metaspace       used 29817K, capacity 30366K, committed 30592K, reserved 1075200K
  class space    used 4031K, capacity 4211K, committed 4224K, reserved 1048576K
}

