# JRE version: Java(TM) SE Runtime Environment (8.0_60-b27) (build 1.8.0_60-b27)
# Java VM: Java HotSpot(TM) 64-Bit Server VM (25.60-b23 mixed mode windows-amd64 compressed oops)
Heap:
 PSYoungGen      total 136704K, used 82533K [0x00000000eab00000, 0x00000000f6300000, 0x0000000100000000)
  eden space 100352K, 77% used [0x00000000eab00000,0x00000000ef6da980,0x00000000f0d00000)
  from space 36352K, 13% used [0x00000000f0d00000,0x00000000f11bec28,0x00000000f3080000)
  to   space 35840K, 0% used [0x00000000f4000000,0x00000000f4000000,0x00000000f6300000)
 ParOldGen       total 115712K, used 41983K [0x00000000c0000000, 0x00000000c7100000, 0x00000000eab00000)
  object space 115712K, 36% used [0x00000000c0000000,0x00000000c28fff60,0x00000000c7100000)
 Metaspace       used 54213K, capacity 55990K, committed 56320K, reserved 1097728K
  class space    used 7221K, capacity 7566K, committed 7680K, reserved 1048576K
GC Heap History (10 events):
Event: 10.501 GC heap before
{Heap before GC invocations=16 (full 2):
 PSYoungGen      total 92672K, used 92666K [0x00000000eab00000, 0x00000000f2900000, 0x0000000100000000)
  eden space 78336K, 100% used [0x00000000eab00000,0x00000000ef780000,0x00000000ef780000)
  from space 14336K, 99% used [0x00000000ef780000,0x00000000f057e868,0x00000000f0580000)
  to   space 17408K, 0% used [0x00000000f1800000,0x00000000f1800000,0x00000000f2900000)
 ParOldGen       total 115712K, used 23582K [0x00000000c0000000, 0x00000000c7100000, 0x00000000eab00000)
  object space 115712K, 20% used [0x00000000c0000000,0x00000000c1707a18,0x00000000c7100000)
 Metaspace       used 46529K, capacity 47992K, committed 48256K, reserved 1091584K
  class space    used 6399K, capacity 6747K, committed 6784K, reserved 1048576K
Event: 10.516 GC heap after
Heap after GC invocations=16 (full 2):
 PSYoungGen      total 107008K, used 17402K [0x00000000eab00000, 0x00000000f3200000, 0x0000000100000000)
  eden space 89600K, 0% used [0x00000000eab00000,0x00000000eab00000,0x00000000f0280000)
  from space 17408K, 99% used [0x00000000f1800000,0x00000000f28fe868,0x00000000f2900000)
  to   space 22016K, 0% used [0x00000000f0280000,0x00000000f0280000,0x00000000f1800000)
 ParOldGen       total 115712K, used 28213K [0x00000000c0000000, 0x00000000c7100000, 0x00000000eab00000)
  object space 115712K, 24% used [0x00000000c0000000,0x00000000c1b8d7e8,0x00000000c7100000)
 Metaspace       used 46529K, capacity 47992K, committed 48256K, reserved 1091584K
  class space    used 6399K, capacity 6747K, committed 6784K, reserved 1048576K
}
Event: 13.945 GC heap before
{Heap before GC invocations=17 (full 2):
 PSYoungGen      total 107008K, used 107002K [0x00000000eab00000, 0x00000000f3200000, 0x0000000100000000)
  eden space 89600K, 100% used [0x00000000eab00000,0x00000000f0280000,0x00000000f0280000)
  from space 17408K, 99% used [0x00000000f1800000,0x00000000f28fe868,0x00000000f2900000)
  to   space 22016K, 0% used [0x00000000f0280000,0x00000000f0280000,0x00000000f1800000)
 ParOldGen       total 115712K, used 28213K [0x00000000c0000000, 0x00000000c7100000, 0x00000000eab00000)
  object space 115712K, 24% used [0x00000000c0000000,0x00000000c1b8d7e8,0x00000000c7100000)
 Metaspace       used 51496K, capacity 52862K, committed 52992K, reserved 1095680K
  class space    used 7004K, capacity 7302K, committed 7424K, reserved 1048576K
Event: 13.982 GC heap after
Heap after GC invocations=17 (full 2):
 PSYoungGen      total 111616K, used 22010K [0x00000000eab00000, 0x00000000f4d80000, 0x0000000100000000)
  eden space 89600K, 0% used [0x00000000eab00000,0x00000000eab00000,0x00000000f0280000)
  from space 22016K, 99% used [0x00000000f0280000,0x00000000f17fe960,0x00000000f1800000)
  to   space 29696K, 0% used [0x00000000f3080000,0x00000000f3080000,0x00000000f4d80000)
 ParOldGen       total 115712K, used 40651K [0x00000000c0000000, 0x00000000c7100000, 0x00000000eab00000)
  object space 115712K, 35% used [0x00000000c0000000,0x00000000c27b2c88,0x00000000c7100000)
 Metaspace       used 51496K, capacity 52862K, committed 52992K, reserved 1095680K
  class space    used 7004K, capacity 7302K, committed 7424K, reserved 1048576K
}
Event: 15.914 GC heap before
{Heap before GC invocations=18 (full 2):
 PSYoungGen      total 111616K, used 81877K [0x00000000eab00000, 0x00000000f4d80000, 0x0000000100000000)
  eden space 89600K, 66% used [0x00000000eab00000,0x00000000ee576aa8,0x00000000f0280000)
  from space 22016K, 99% used [0x00000000f0280000,0x00000000f17fe960,0x00000000f1800000)
  to   space 29696K, 0% used [0x00000000f3080000,0x00000000f3080000,0x00000000f4d80000)
 ParOldGen       total 115712K, used 40651K [0x00000000c0000000, 0x00000000c7100000, 0x00000000eab00000)
  object space 115712K, 35% used [0x00000000c0000000,0x00000000c27b2c88,0x00000000c7100000)
 Metaspace       used 53189K, capacity 54710K, committed 54912K, reserved 1097728K
  class space    used 7158K, capacity 7472K, committed 7552K, reserved 1048576K
Event: 15.943 GC heap after
Heap after GC invocations=18 (full 2):
 PSYoungGen      total 130048K, used 29694K [0x00000000eab00000, 0x00000000f5a80000, 0x0000000100000000)
  eden space 100352K, 0% used [0x00000000eab00000,0x00000000eab00000,0x00000000f0d00000)
  from space 29696K, 99% used [0x00000000f3080000,0x00000000f4d7fb20,0x00000000f4d80000)
  to   space 36352K, 0% used [0x00000000f0d00000,0x00000000f0d00000,0x00000000f3080000)
 ParOldGen       total 115712K, used 45326K [0x00000000c0000000, 0x00000000c7100000, 0x00000000eab00000)
  object space 115712K, 39% used [0x00000000c0000000,0x00000000c2c43900,0x00000000c7100000)
 Metaspace       used 53189K, capacity 54710K, committed 54912K, reserved 1097728K
  class space    used 7158K, capacity 7472K, committed 7552K, reserved 1048576K
}
Event: 15.943 GC heap before
{Heap before GC invocations=19 (full 3):
 PSYoungGen      total 130048K, used 29694K [0x00000000eab00000, 0x00000000f5a80000, 0x0000000100000000)
  eden space 100352K, 0% used [0x00000000eab00000,0x00000000eab00000,0x00000000f0d00000)
  from space 29696K, 99% used [0x00000000f3080000,0x00000000f4d7fb20,0x00000000f4d80000)
  to   space 36352K, 0% used [0x00000000f0d00000,0x00000000f0d00000,0x00000000f3080000)
 ParOldGen       total 115712K, used 45326K [0x00000000c0000000, 0x00000000c7100000, 0x00000000eab00000)
  object space 115712K, 39% used [0x00000000c0000000,0x00000000c2c43900,0x00000000c7100000)
 Metaspace       used 53189K, capacity 54710K, committed 54912K, reserved 1097728K
  class space    used 7158K, capacity 7472K, committed 7552K, reserved 1048576K
Event: 16.190 GC heap after
Heap after GC invocations=19 (full 3):
 PSYoungGen      total 130048K, used 0K [0x00000000eab00000, 0x00000000f5a80000, 0x0000000100000000)
  eden space 100352K, 0% used [0x00000000eab00000,0x00000000eab00000,0x00000000f0d00000)
  from space 29696K, 0% used [0x00000000f3080000,0x00000000f3080000,0x00000000f4d80000)
  to   space 36352K, 0% used [0x00000000f0d00000,0x00000000f0d00000,0x00000000f3080000)
 ParOldGen       total 115712K, used 41975K [0x00000000c0000000, 0x00000000c7100000, 0x00000000eab00000)
  object space 115712K, 36% used [0x00000000c0000000,0x00000000c28fdf60,0x00000000c7100000)
 Metaspace       used 53144K, capacity 54634K, committed 54912K, reserved 1097728K
  class space    used 7150K, capacity 7464K, committed 7552K, reserved 1048576K
}
Event: 41.555 GC heap before
{Heap before GC invocations=20 (full 3):
 PSYoungGen      total 130048K, used 100352K [0x00000000eab00000, 0x00000000f5a80000, 0x0000000100000000)
  eden space 100352K, 100% used [0x00000000eab00000,0x00000000f0d00000,0x00000000f0d00000)
  from space 29696K, 0% used [0x00000000f3080000,0x00000000f3080000,0x00000000f4d80000)
  to   space 36352K, 0% used [0x00000000f0d00000,0x00000000f0d00000,0x00000000f3080000)
 ParOldGen       total 115712K, used 41975K [0x00000000c0000000, 0x00000000c7100000, 0x00000000eab00000)
  object space 115712K, 36% used [0x00000000c0000000,0x00000000c28fdf60,0x00000000c7100000)
 Metaspace       used 53699K, capacity 55340K, committed 55424K, reserved 1097728K
  class space    used 7186K, capacity 7511K, committed 7552K, reserved 1048576K
Event: 41.560 GC heap after
Heap after GC invocations=20 (full 3):
 PSYoungGen      total 136704K, used 4859K [0x00000000eab00000, 0x00000000f6300000, 0x0000000100000000)
  eden space 100352K, 0% used [0x00000000eab00000,0x00000000eab00000,0x00000000f0d00000)
  from space 36352K, 13% used [0x00000000f0d00000,0x00000000f11bec28,0x00000000f3080000)
  to   space 35840K, 0% used [0x00000000f4000000,0x00000000f4000000,0x00000000f6300000)
 ParOldGen       total 115712K, used 41983K [0x00000000c0000000, 0x00000000c7100000, 0x00000000eab00000)
  object space 115712K, 36% used [0x00000000c0000000,0x00000000c28fff60,0x00000000c7100000)
 Metaspace       used 53699K, capacity 55340K, committed 55424K, reserved 1097728K
  class space    used 7186K, capacity 7511K, committed 7552K, reserved 1048576K
}

