# JRE version: Java(TM) SE Runtime Environment (8.0_60-b27) (build 1.8.0_60-b27)
# Java VM: Java HotSpot(TM) 64-Bit Server VM (25.60-b23 mixed mode windows-amd64 compressed oops)
Heap:
 PSYoungGen      total 53248K, used 6517K [0x00000000eab00000, 0x00000000ef400000, 0x0000000100000000)
  eden space 42496K, 5% used [0x00000000eab00000,0x00000000ead5a138,0x00000000ed480000)
  from space 10752K, 38% used [0x00000000ed480000,0x00000000ed8832e8,0x00000000edf00000)
  to   space 10752K, 0% used [0x00000000ee980000,0x00000000ee980000,0x00000000ef400000)
 ParOldGen       total 70144K, used 9406K [0x00000000c0000000, 0x00000000c4480000, 0x00000000eab00000)
  object space 70144K, 13% used [0x00000000c0000000,0x00000000c092f930,0x00000000c4480000)
 Metaspace       used 27368K, capacity 27772K, committed 27904K, reserved 1073152K
  class space    used 3709K, capacity 3809K, committed 3840K, reserved 1048576K
GC Heap History (10 events):
Event: 2.432 GC heap before
{Heap before GC invocations=4 (full 0):
 PSYoungGen      total 38400K, used 32338K [0x00000000eab00000, 0x00000000ed580000, 0x0000000100000000)
  eden space 33280K, 81% used [0x00000000eab00000,0x00000000ec598970,0x00000000ecb80000)
  from space 5120K, 99% used [0x00000000ecb80000,0x00000000ed07c010,0x00000000ed080000)
  to   space 5120K, 0% used [0x00000000ed080000,0x00000000ed080000,0x00000000ed580000)
 ParOldGen       total 87552K, used 5316K [0x00000000c0000000, 0x00000000c5580000, 0x00000000eab00000)
  object space 87552K, 6% used [0x00000000c0000000,0x00000000c0531360,0x00000000c5580000)
 Metaspace       used 20868K, capacity 21228K, committed 21296K, reserved 1067008K
  class space    used 2804K, capacity 2916K, committed 2944K, reserved 1048576K
Event: 2.458 GC heap after
Heap after GC invocations=4 (full 0):
 PSYoungGen      total 38400K, used 5104K [0x00000000eab00000, 0x00000000ed580000, 0x0000000100000000)
  eden space 33280K, 0% used [0x00000000eab00000,0x00000000eab00000,0x00000000ecb80000)
  from space 5120K, 99% used [0x00000000ed080000,0x00000000ed57c030,0x00000000ed580000)
  to   space 5120K, 0% used [0x00000000ecb80000,0x00000000ecb80000,0x00000000ed080000)
 ParOldGen       total 87552K, used 8930K [0x00000000c0000000, 0x00000000c5580000, 0x00000000eab00000)
  object space 87552K, 10% used [0x00000000c0000000,0x00000000c08b8ab8,0x00000000c5580000)
 Metaspace       used 20868K, capacity 21228K, committed 21296K, reserved 1067008K
  class space    used 2804K, capacity 2916K, committed 2944K, reserved 1048576K
}
Event: 2.458 GC heap before
{Heap before GC invocations=5 (full 1):
 PSYoungGen      total 38400K, used 5104K [0x00000000eab00000, 0x00000000ed580000, 0x0000000100000000)
  eden space 33280K, 0% used [0x00000000eab00000,0x00000000eab00000,0x00000000ecb80000)
  from space 5120K, 99% used [0x00000000ed080000,0x00000000ed57c030,0x00000000ed580000)
  to   space 5120K, 0% used [0x00000000ecb80000,0x00000000ecb80000,0x00000000ed080000)
 ParOldGen       total 87552K, used 8930K [0x00000000c0000000, 0x00000000c5580000, 0x00000000eab00000)
  object space 87552K, 10% used [0x00000000c0000000,0x00000000c08b8ab8,0x00000000c5580000)
 Metaspace       used 20868K, capacity 21228K, committed 21296K, reserved 1067008K
  class space    used 2804K, capacity 2916K, committed 2944K, reserved 1048576K
Event: 2.558 GC heap after
Heap after GC invocations=5 (full 1):
 PSYoungGen      total 38400K, used 0K [0x00000000eab00000, 0x00000000ed580000, 0x0000000100000000)
  eden space 33280K, 0% used [0x00000000eab00000,0x00000000eab00000,0x00000000ecb80000)
  from space 5120K, 0% used [0x00000000ed080000,0x00000000ed080000,0x00000000ed580000)
  to   space 5120K, 0% used [0x00000000ecb80000,0x00000000ecb80000,0x00000000ed080000)
 ParOldGen       total 70144K, used 9318K [0x00000000c0000000, 0x00000000c4480000, 0x00000000eab00000)
  object space 70144K, 13% used [0x00000000c0000000,0x00000000c0919920,0x00000000c4480000)
 Metaspace       used 20868K, capacity 21228K, committed 21296K, reserved 1067008K
  class space    used 2804K, capacity 2916K, committed 2944K, reserved 1048576K
}
Event: 3.180 GC heap before
{Heap before GC invocations=6 (full 1):
 PSYoungGen      total 38400K, used 33280K [0x00000000eab00000, 0x00000000ed580000, 0x0000000100000000)
  eden space 33280K, 100% used [0x00000000eab00000,0x00000000ecb80000,0x00000000ecb80000)
  from space 5120K, 0% used [0x00000000ed080000,0x00000000ed080000,0x00000000ed580000)
  to   space 5120K, 0% used [0x00000000ecb80000,0x00000000ecb80000,0x00000000ed080000)
 ParOldGen       total 70144K, used 9318K [0x00000000c0000000, 0x00000000c4480000, 0x00000000eab00000)
  object space 70144K, 13% used [0x00000000c0000000,0x00000000c0919920,0x00000000c4480000)
 Metaspace       used 23247K, capacity 23630K, committed 23936K, reserved 1069056K
  class space    used 3211K, capacity 3351K, committed 3456K, reserved 1048576K
Event: 3.185 GC heap after
Heap after GC invocations=6 (full 1):
 PSYoungGen      total 38400K, used 3708K [0x00000000eab00000, 0x00000000eeb80000, 0x0000000100000000)
  eden space 33280K, 0% used [0x00000000eab00000,0x00000000eab00000,0x00000000ecb80000)
  from space 5120K, 72% used [0x00000000ecb80000,0x00000000ecf1f170,0x00000000ed080000)
  to   space 11264K, 0% used [0x00000000ee080000,0x00000000ee080000,0x00000000eeb80000)
 ParOldGen       total 70144K, used 9326K [0x00000000c0000000, 0x00000000c4480000, 0x00000000eab00000)
  object space 70144K, 13% used [0x00000000c0000000,0x00000000c091b920,0x00000000c4480000)
 Metaspace       used 23247K, capacity 23630K, committed 23936K, reserved 1069056K
  class space    used 3211K, capacity 3351K, committed 3456K, reserved 1048576K
}
Event: 3.660 GC heap before
{Heap before GC invocations=7 (full 1):
 PSYoungGen      total 38400K, used 36988K [0x00000000eab00000, 0x00000000eeb80000, 0x0000000100000000)
  eden space 33280K, 100% used [0x00000000eab00000,0x00000000ecb80000,0x00000000ecb80000)
  from space 5120K, 72% used [0x00000000ecb80000,0x00000000ecf1f170,0x00000000ed080000)
  to   space 11264K, 0% used [0x00000000ee080000,0x00000000ee080000,0x00000000eeb80000)
 ParOldGen       total 70144K, used 9326K [0x00000000c0000000, 0x00000000c4480000, 0x00000000eab00000)
  object space 70144K, 13% used [0x00000000c0000000,0x00000000c091b920,0x00000000c4480000)
 Metaspace       used 26594K, capacity 27078K, committed 27392K, reserved 1073152K
  class space    used 3629K, capacity 3771K, committed 3840K, reserved 1048576K
Event: 3.665 GC heap after
Heap after GC invocations=7 (full 1):
 PSYoungGen      total 51712K, used 4539K [0x00000000eab00000, 0x00000000ee980000, 0x0000000100000000)
  eden space 42496K, 0% used [0x00000000eab00000,0x00000000eab00000,0x00000000ed480000)
  from space 9216K, 49% used [0x00000000ee080000,0x00000000ee4eec18,0x00000000ee980000)
  to   space 10752K, 0% used [0x00000000ed480000,0x00000000ed480000,0x00000000edf00000)
 ParOldGen       total 70144K, used 9334K [0x00000000c0000000, 0x00000000c4480000, 0x00000000eab00000)
  object space 70144K, 13% used [0x00000000c0000000,0x00000000c091d920,0x00000000c4480000)
 Metaspace       used 26594K, capacity 27078K, committed 27392K, reserved 1073152K
  class space    used 3629K, capacity 3771K, committed 3840K, reserved 1048576K
}
Event: 4.454 GC heap before
{Heap before GC invocations=8 (full 1):
 PSYoungGen      total 51712K, used 47035K [0x00000000eab00000, 0x00000000ee980000, 0x0000000100000000)
  eden space 42496K, 100% used [0x00000000eab00000,0x00000000ed480000,0x00000000ed480000)
  from space 9216K, 49% used [0x00000000ee080000,0x00000000ee4eec18,0x00000000ee980000)
  to   space 10752K, 0% used [0x00000000ed480000,0x00000000ed480000,0x00000000edf00000)
 ParOldGen       total 70144K, used 9334K [0x00000000c0000000, 0x00000000c4480000, 0x00000000eab00000)
  object space 70144K, 13% used [0x00000000c0000000,0x00000000c091d920,0x00000000c4480000)
 Metaspace       used 27367K, capacity 27772K, committed 27904K, reserved 1073152K
  class space    used 3709K, capacity 3809K, committed 3840K, reserved 1048576K
Event: 4.459 GC heap after
Heap after GC invocations=8 (full 1):
 PSYoungGen      total 53248K, used 4108K [0x00000000eab00000, 0x00000000ef400000, 0x0000000100000000)
  eden space 42496K, 0% used [0x00000000eab00000,0x00000000eab00000,0x00000000ed480000)
  from space 10752K, 38% used [0x00000000ed480000,0x00000000ed8832e8,0x00000000edf00000)
  to   space 10752K, 0% used [0x00000000ee980000,0x00000000ee980000,0x00000000ef400000)
 ParOldGen       total 70144K, used 9406K [0x00000000c0000000, 0x00000000c4480000, 0x00000000eab00000)
  object space 70144K, 13% used [0x00000000c0000000,0x00000000c092f930,0x00000000c4480000)
 Metaspace       used 27367K, capacity 27772K, committed 27904K, reserved 1073152K
  class space    used 3709K, capacity 3809K, committed 3840K, reserved 1048576K
}

