# JRE version: Java(TM) SE Runtime Environment (8.0_60-b27) (build 1.8.0_60-b27)
# Java VM: Java HotSpot(TM) 64-Bit Server VM (25.60-b23 mixed mode windows-amd64 compressed oops)
Heap:
 PSYoungGen      total 147968K, used 71742K [0x00000000eab00000, 0x00000000f5180000, 0x0000000100000000)
  eden space 133632K, 42% used [0x00000000eab00000,0x00000000ee311238,0x00000000f2d80000)
  from space 14336K, 99% used [0x00000000f3f00000,0x00000000f4cfe868,0x00000000f4d00000)
  to   space 17920K, 0% used [0x00000000f2d80000,0x00000000f2d80000,0x00000000f3f00000)
 ParOldGen       total 110592K, used 24795K [0x00000000c0000000, 0x00000000c6c00000, 0x00000000eab00000)
  object space 110592K, 22% used [0x00000000c0000000,0x00000000c1836c40,0x00000000c6c00000)
 Metaspace       used 45485K, capacity 46886K, committed 47104K, reserved 1089536K
  class space    used 6273K, capacity 6590K, committed 6656K, reserved 1048576K
GC Heap History (10 events):
Event: 5.713 GC heap before
{Heap before GC invocations=8 (full 1):
 PSYoungGen      total 94720K, used 93491K [0x00000000eab00000, 0x00000000f1300000, 0x0000000100000000)
  eden space 86016K, 100% used [0x00000000eab00000,0x00000000eff00000,0x00000000eff00000)
  from space 8704K, 85% used [0x00000000f0a80000,0x00000000f11ccd98,0x00000000f1300000)
  to   space 10240K, 0% used [0x00000000eff00000,0x00000000eff00000,0x00000000f0900000)
 ParOldGen       total 70656K, used 10661K [0x00000000c0000000, 0x00000000c4500000, 0x00000000eab00000)
  object space 70656K, 15% used [0x00000000c0000000,0x00000000c0a69418,0x00000000c4500000)
 Metaspace       used 33575K, capacity 34174K, committed 34432K, reserved 1079296K
  class space    used 4519K, capacity 4709K, committed 4736K, reserved 1048576K
Event: 5.726 GC heap after
Heap after GC invocations=8 (full 1):
 PSYoungGen      total 96256K, used 10239K [0x00000000eab00000, 0x00000000f3080000, 0x0000000100000000)
  eden space 86016K, 0% used [0x00000000eab00000,0x00000000eab00000,0x00000000eff00000)
  from space 10240K, 99% used [0x00000000eff00000,0x00000000f08ffe08,0x00000000f0900000)
  to   space 12800K, 0% used [0x00000000f2400000,0x00000000f2400000,0x00000000f3080000)
 ParOldGen       total 70656K, used 12863K [0x00000000c0000000, 0x00000000c4500000, 0x00000000eab00000)
  object space 70656K, 18% used [0x00000000c0000000,0x00000000c0c8fd08,0x00000000c4500000)
 Metaspace       used 33575K, capacity 34174K, committed 34432K, reserved 1079296K
  class space    used 4519K, capacity 4709K, committed 4736K, reserved 1048576K
}
Event: 5.968 GC heap before
{Heap before GC invocations=9 (full 1):
 PSYoungGen      total 96256K, used 31344K [0x00000000eab00000, 0x00000000f3080000, 0x0000000100000000)
  eden space 86016K, 24% used [0x00000000eab00000,0x00000000ebf9c428,0x00000000eff00000)
  from space 10240K, 99% used [0x00000000eff00000,0x00000000f08ffe08,0x00000000f0900000)
  to   space 12800K, 0% used [0x00000000f2400000,0x00000000f2400000,0x00000000f3080000)
 ParOldGen       total 70656K, used 12863K [0x00000000c0000000, 0x00000000c4500000, 0x00000000eab00000)
  object space 70656K, 18% used [0x00000000c0000000,0x00000000c0c8fd08,0x00000000c4500000)
 Metaspace       used 34685K, capacity 35232K, committed 35456K, reserved 1079296K
  class space    used 4693K, capacity 4871K, committed 4992K, reserved 1048576K
Event: 5.984 GC heap after
Heap after GC invocations=9 (full 1):
 PSYoungGen      total 122368K, used 12413K [0x00000000eab00000, 0x00000000f4080000, 0x0000000100000000)
  eden space 109568K, 0% used [0x00000000eab00000,0x00000000eab00000,0x00000000f1600000)
  from space 12800K, 96% used [0x00000000f2400000,0x00000000f301f618,0x00000000f3080000)
  to   space 14336K, 0% used [0x00000000f1600000,0x00000000f1600000,0x00000000f2400000)
 ParOldGen       total 70656K, used 12871K [0x00000000c0000000, 0x00000000c4500000, 0x00000000eab00000)
  object space 70656K, 18% used [0x00000000c0000000,0x00000000c0c91d08,0x00000000c4500000)
 Metaspace       used 34685K, capacity 35232K, committed 35456K, reserved 1079296K
  class space    used 4693K, capacity 4871K, committed 4992K, reserved 1048576K
}
Event: 5.984 GC heap before
{Heap before GC invocations=10 (full 2):
 PSYoungGen      total 122368K, used 12413K [0x00000000eab00000, 0x00000000f4080000, 0x0000000100000000)
  eden space 109568K, 0% used [0x00000000eab00000,0x00000000eab00000,0x00000000f1600000)
  from space 12800K, 96% used [0x00000000f2400000,0x00000000f301f618,0x00000000f3080000)
  to   space 14336K, 0% used [0x00000000f1600000,0x00000000f1600000,0x00000000f2400000)
 ParOldGen       total 70656K, used 12871K [0x00000000c0000000, 0x00000000c4500000, 0x00000000eab00000)
  object space 70656K, 18% used [0x00000000c0000000,0x00000000c0c91d08,0x00000000c4500000)
 Metaspace       used 34685K, capacity 35232K, committed 35456K, reserved 1079296K
  class space    used 4693K, capacity 4871K, committed 4992K, reserved 1048576K
Event: 6.088 GC heap after
Heap after GC invocations=10 (full 2):
 PSYoungGen      total 122368K, used 0K [0x00000000eab00000, 0x00000000f4080000, 0x0000000100000000)
  eden space 109568K, 0% used [0x00000000eab00000,0x00000000eab00000,0x00000000f1600000)
  from space 12800K, 0% used [0x00000000f2400000,0x00000000f2400000,0x00000000f3080000)
  to   space 14336K, 0% used [0x00000000f1600000,0x00000000f1600000,0x00000000f2400000)
 ParOldGen       total 110592K, used 19985K [0x00000000c0000000, 0x00000000c6c00000, 0x00000000eab00000)
  object space 110592K, 18% used [0x00000000c0000000,0x00000000c13844b0,0x00000000c6c00000)
 Metaspace       used 34685K, capacity 35232K, committed 35456K, reserved 1079296K
  class space    used 4693K, capacity 4871K, committed 4992K, reserved 1048576K
}
Event: 7.382 GC heap before
{Heap before GC invocations=11 (full 2):
 PSYoungGen      total 122368K, used 109568K [0x00000000eab00000, 0x00000000f4080000, 0x0000000100000000)
  eden space 109568K, 100% used [0x00000000eab00000,0x00000000f1600000,0x00000000f1600000)
  from space 12800K, 0% used [0x00000000f2400000,0x00000000f2400000,0x00000000f3080000)
  to   space 14336K, 0% used [0x00000000f1600000,0x00000000f1600000,0x00000000f2400000)
 ParOldGen       total 110592K, used 19985K [0x00000000c0000000, 0x00000000c6c00000, 0x00000000eab00000)
  object space 110592K, 18% used [0x00000000c0000000,0x00000000c13844b0,0x00000000c6c00000)
 Metaspace       used 40517K, capacity 41550K, committed 41856K, reserved 1085440K
  class space    used 5531K, capacity 5729K, committed 5760K, reserved 1048576K
Event: 7.394 GC heap after
Heap after GC invocations=11 (full 2):
 PSYoungGen      total 123904K, used 10595K [0x00000000eab00000, 0x00000000f4d00000, 0x0000000100000000)
  eden space 109568K, 0% used [0x00000000eab00000,0x00000000eab00000,0x00000000f1600000)
  from space 14336K, 73% used [0x00000000f1600000,0x00000000f2058d68,0x00000000f2400000)
  to   space 14336K, 0% used [0x00000000f3f00000,0x00000000f3f00000,0x00000000f4d00000)
 ParOldGen       total 110592K, used 19993K [0x00000000c0000000, 0x00000000c6c00000, 0x00000000eab00000)
  object space 110592K, 18% used [0x00000000c0000000,0x00000000c13864b0,0x00000000c6c00000)
 Metaspace       used 40517K, capacity 41550K, committed 41856K, reserved 1085440K
  class space    used 5531K, capacity 5729K, committed 5760K, reserved 1048576K
}
Event: 8.882 GC heap before
{Heap before GC invocations=12 (full 2):
 PSYoungGen      total 123904K, used 120163K [0x00000000eab00000, 0x00000000f4d00000, 0x0000000100000000)
  eden space 109568K, 100% used [0x00000000eab00000,0x00000000f1600000,0x00000000f1600000)
  from space 14336K, 73% used [0x00000000f1600000,0x00000000f2058d68,0x00000000f2400000)
  to   space 14336K, 0% used [0x00000000f3f00000,0x00000000f3f00000,0x00000000f4d00000)
 ParOldGen       total 110592K, used 19993K [0x00000000c0000000, 0x00000000c6c00000, 0x00000000eab00000)
  object space 110592K, 18% used [0x00000000c0000000,0x00000000c13864b0,0x00000000c6c00000)
 Metaspace       used 45307K, capacity 46656K, committed 46848K, reserved 1089536K
  class space    used 6258K, capacity 6573K, committed 6656K, reserved 1048576K
Event: 8.896 GC heap after
Heap after GC invocations=12 (full 2):
 PSYoungGen      total 147968K, used 14330K [0x00000000eab00000, 0x00000000f5180000, 0x0000000100000000)
  eden space 133632K, 0% used [0x00000000eab00000,0x00000000eab00000,0x00000000f2d80000)
  from space 14336K, 99% used [0x00000000f3f00000,0x00000000f4cfe868,0x00000000f4d00000)
  to   space 17920K, 0% used [0x00000000f2d80000,0x00000000f2d80000,0x00000000f3f00000)
 ParOldGen       total 110592K, used 24795K [0x00000000c0000000, 0x00000000c6c00000, 0x00000000eab00000)
  object space 110592K, 22% used [0x00000000c0000000,0x00000000c1836c40,0x00000000c6c00000)
 Metaspace       used 45307K, capacity 46656K, committed 46848K, reserved 1089536K
  class space    used 6258K, capacity 6573K, committed 6656K, reserved 1048576K
}

