# JRE version: Java(TM) SE Runtime Environment (8.0_60-b27) (build 1.8.0_60-b27)
# Java VM: Java HotSpot(TM) 64-Bit Server VM (25.60-b23 mixed mode windows-amd64 compressed oops)
Heap:
 PSYoungGen      total 140288K, used 57638K [0x00000000eab00000, 0x00000000f5680000, 0x0000000100000000)
  eden space 126464K, 35% used [0x00000000eab00000,0x00000000ed6ee668,0x00000000f2680000)
  from space 13824K, 91% used [0x00000000f2680000,0x00000000f32db230,0x00000000f3400000)
  to   space 12800K, 0% used [0x00000000f3400000,0x00000000f3400000,0x00000000f4080000)
 ParOldGen       total 66560K, used 19981K [0x00000000c0000000, 0x00000000c4100000, 0x00000000eab00000)
  object space 66560K, 30% used [0x00000000c0000000,0x00000000c13835b8,0x00000000c4100000)
 Metaspace       used 43637K, capacity 44794K, committed 44928K, reserved 1087488K
  class space    used 6039K, capacity 6254K, committed 6272K, reserved 1048576K
GC Heap History (10 events):
Event: 4.571 GC heap before
{Heap before GC invocations=7 (full 1):
 PSYoungGen      total 71680K, used 71657K [0x00000000eab00000, 0x00000000f1b80000, 0x0000000100000000)
  eden space 66560K, 100% used [0x00000000eab00000,0x00000000eec00000,0x00000000eec00000)
  from space 5120K, 99% used [0x00000000eec00000,0x00000000ef0fa760,0x00000000ef100000)
  to   space 10752K, 0% used [0x00000000f1100000,0x00000000f1100000,0x00000000f1b80000)
 ParOldGen       total 66560K, used 10792K [0x00000000c0000000, 0x00000000c4100000, 0x00000000eab00000)
  object space 66560K, 16% used [0x00000000c0000000,0x00000000c0a8a168,0x00000000c4100000)
 Metaspace       used 29818K, capacity 30358K, committed 30592K, reserved 1075200K
  class space    used 4039K, capacity 4207K, committed 4224K, reserved 1048576K
Event: 4.578 GC heap after
Heap after GC invocations=7 (full 1):
 PSYoungGen      total 99328K, used 7444K [0x00000000eab00000, 0x00000000f1880000, 0x0000000100000000)
  eden space 91648K, 0% used [0x00000000eab00000,0x00000000eab00000,0x00000000f0480000)
  from space 7680K, 96% used [0x00000000f1100000,0x00000000f1845188,0x00000000f1880000)
  to   space 10240K, 0% used [0x00000000f0480000,0x00000000f0480000,0x00000000f0e80000)
 ParOldGen       total 66560K, used 10864K [0x00000000c0000000, 0x00000000c4100000, 0x00000000eab00000)
  object space 66560K, 16% used [0x00000000c0000000,0x00000000c0a9c178,0x00000000c4100000)
 Metaspace       used 29818K, capacity 30358K, committed 30592K, reserved 1075200K
  class space    used 4039K, capacity 4207K, committed 4224K, reserved 1048576K
}
Event: 5.570 GC heap before
{Heap before GC invocations=8 (full 1):
 PSYoungGen      total 99328K, used 99092K [0x00000000eab00000, 0x00000000f1880000, 0x0000000100000000)
  eden space 91648K, 100% used [0x00000000eab00000,0x00000000f0480000,0x00000000f0480000)
  from space 7680K, 96% used [0x00000000f1100000,0x00000000f1845188,0x00000000f1880000)
  to   space 10240K, 0% used [0x00000000f0480000,0x00000000f0480000,0x00000000f0e80000)
 ParOldGen       total 66560K, used 10864K [0x00000000c0000000, 0x00000000c4100000, 0x00000000eab00000)
  object space 66560K, 16% used [0x00000000c0000000,0x00000000c0a9c178,0x00000000c4100000)
 Metaspace       used 33632K, capacity 34292K, committed 34432K, reserved 1079296K
  class space    used 4537K, capacity 4717K, committed 4736K, reserved 1048576K
Event: 5.584 GC heap after
Heap after GC invocations=8 (full 1):
 PSYoungGen      total 101888K, used 10226K [0x00000000eab00000, 0x00000000f4080000, 0x0000000100000000)
  eden space 91648K, 0% used [0x00000000eab00000,0x00000000eab00000,0x00000000f0480000)
  from space 10240K, 99% used [0x00000000f0480000,0x00000000f0e7ca98,0x00000000f0e80000)
  to   space 12800K, 0% used [0x00000000f3400000,0x00000000f3400000,0x00000000f4080000)
 ParOldGen       total 66560K, used 13844K [0x00000000c0000000, 0x00000000c4100000, 0x00000000eab00000)
  object space 66560K, 20% used [0x00000000c0000000,0x00000000c0d85060,0x00000000c4100000)
 Metaspace       used 33632K, capacity 34292K, committed 34432K, reserved 1079296K
  class space    used 4537K, capacity 4717K, committed 4736K, reserved 1048576K
}
Event: 5.736 GC heap before
{Heap before GC invocations=9 (full 1):
 PSYoungGen      total 101888K, used 25833K [0x00000000eab00000, 0x00000000f4080000, 0x0000000100000000)
  eden space 91648K, 17% used [0x00000000eab00000,0x00000000eba3dbd0,0x00000000f0480000)
  from space 10240K, 99% used [0x00000000f0480000,0x00000000f0e7ca98,0x00000000f0e80000)
  to   space 12800K, 0% used [0x00000000f3400000,0x00000000f3400000,0x00000000f4080000)
 ParOldGen       total 66560K, used 13844K [0x00000000c0000000, 0x00000000c4100000, 0x00000000eab00000)
  object space 66560K, 20% used [0x00000000c0000000,0x00000000c0d85060,0x00000000c4100000)
 Metaspace       used 34728K, capacity 35284K, committed 35456K, reserved 1079296K
  class space    used 4706K, capacity 4877K, committed 4992K, reserved 1048576K
Event: 5.749 GC heap after
Heap after GC invocations=9 (full 1):
 PSYoungGen      total 139264K, used 11666K [0x00000000eab00000, 0x00000000f5680000, 0x0000000100000000)
  eden space 126464K, 0% used [0x00000000eab00000,0x00000000eab00000,0x00000000f2680000)
  from space 12800K, 91% used [0x00000000f3400000,0x00000000f3f649c0,0x00000000f4080000)
  to   space 13824K, 0% used [0x00000000f2680000,0x00000000f2680000,0x00000000f3400000)
 ParOldGen       total 66560K, used 13852K [0x00000000c0000000, 0x00000000c4100000, 0x00000000eab00000)
  object space 66560K, 20% used [0x00000000c0000000,0x00000000c0d87060,0x00000000c4100000)
 Metaspace       used 34728K, capacity 35284K, committed 35456K, reserved 1079296K
  class space    used 4706K, capacity 4877K, committed 4992K, reserved 1048576K
}
Event: 5.749 GC heap before
{Heap before GC invocations=10 (full 2):
 PSYoungGen      total 139264K, used 11666K [0x00000000eab00000, 0x00000000f5680000, 0x0000000100000000)
  eden space 126464K, 0% used [0x00000000eab00000,0x00000000eab00000,0x00000000f2680000)
  from space 12800K, 91% used [0x00000000f3400000,0x00000000f3f649c0,0x00000000f4080000)
  to   space 13824K, 0% used [0x00000000f2680000,0x00000000f2680000,0x00000000f3400000)
 ParOldGen       total 66560K, used 13852K [0x00000000c0000000, 0x00000000c4100000, 0x00000000eab00000)
  object space 66560K, 20% used [0x00000000c0000000,0x00000000c0d87060,0x00000000c4100000)
 Metaspace       used 34728K, capacity 35284K, committed 35456K, reserved 1079296K
  class space    used 4706K, capacity 4877K, committed 4992K, reserved 1048576K
Event: 5.856 GC heap after
Heap after GC invocations=10 (full 2):
 PSYoungGen      total 139264K, used 0K [0x00000000eab00000, 0x00000000f5680000, 0x0000000100000000)
  eden space 126464K, 0% used [0x00000000eab00000,0x00000000eab00000,0x00000000f2680000)
  from space 12800K, 0% used [0x00000000f3400000,0x00000000f3400000,0x00000000f4080000)
  to   space 13824K, 0% used [0x00000000f2680000,0x00000000f2680000,0x00000000f3400000)
 ParOldGen       total 66560K, used 19973K [0x00000000c0000000, 0x00000000c4100000, 0x00000000eab00000)
  object space 66560K, 30% used [0x00000000c0000000,0x00000000c13815b8,0x00000000c4100000)
 Metaspace       used 34728K, capacity 35284K, committed 35456K, reserved 1079296K
  class space    used 4706K, capacity 4877K, committed 4992K, reserved 1048576K
}
Event: 7.185 GC heap before
{Heap before GC invocations=11 (full 2):
 PSYoungGen      total 139264K, used 126464K [0x00000000eab00000, 0x00000000f5680000, 0x0000000100000000)
  eden space 126464K, 100% used [0x00000000eab00000,0x00000000f2680000,0x00000000f2680000)
  from space 12800K, 0% used [0x00000000f3400000,0x00000000f3400000,0x00000000f4080000)
  to   space 13824K, 0% used [0x00000000f2680000,0x00000000f2680000,0x00000000f3400000)
 ParOldGen       total 66560K, used 19973K [0x00000000c0000000, 0x00000000c4100000, 0x00000000eab00000)
  object space 66560K, 30% used [0x00000000c0000000,0x00000000c13815b8,0x00000000c4100000)
 Metaspace       used 41240K, capacity 42360K, committed 42496K, reserved 1085440K
  class space    used 5659K, capacity 5878K, committed 5888K, reserved 1048576K
Event: 7.202 GC heap after
Heap after GC invocations=11 (full 2):
 PSYoungGen      total 140288K, used 12652K [0x00000000eab00000, 0x00000000f5680000, 0x0000000100000000)
  eden space 126464K, 0% used [0x00000000eab00000,0x00000000eab00000,0x00000000f2680000)
  from space 13824K, 91% used [0x00000000f2680000,0x00000000f32db230,0x00000000f3400000)
  to   space 12800K, 0% used [0x00000000f3400000,0x00000000f3400000,0x00000000f4080000)
 ParOldGen       total 66560K, used 19981K [0x00000000c0000000, 0x00000000c4100000, 0x00000000eab00000)
  object space 66560K, 30% used [0x00000000c0000000,0x00000000c13835b8,0x00000000c4100000)
 Metaspace       used 41240K, capacity 42360K, committed 42496K, reserved 1085440K
  class space    used 5659K, capacity 5878K, committed 5888K, reserved 1048576K
}

