# JRE version: Java(TM) SE Runtime Environment (8.0_60-b27) (build 1.8.0_60-b27)
# Java VM: Java HotSpot(TM) 64-Bit Server VM (25.60-b23 mixed mode windows-amd64 compressed oops)
Heap:
 PSYoungGen      total 71680K, used 38974K [0x00000000eab00000, 0x00000000ef600000, 0x0000000100000000)
  eden space 66560K, 50% used [0x00000000eab00000,0x00000000ecc0fab8,0x00000000eec00000)
  from space 5120K, 100% used [0x00000000eec00000,0x00000000ef100000,0x00000000ef100000)
  to   space 5120K, 0% used [0x00000000ef100000,0x00000000ef100000,0x00000000ef600000)
 ParOldGen       total 69632K, used 20142K [0x00000000c0000000, 0x00000000c4400000, 0x00000000eab00000)
  object space 69632K, 28% used [0x00000000c0000000,0x00000000c13abaf8,0x00000000c4400000)
 Metaspace       used 33844K, capacity 34428K, committed 34688K, reserved 1079296K
  class space    used 4560K, capacity 4721K, committed 4736K, reserved 1048576K
GC Heap History (10 events):
Event: 2.125 GC heap before
{Heap before GC invocations=4 (full 0):
 PSYoungGen      total 38400K, used 32910K [0x00000000eab00000, 0x00000000ef600000, 0x0000000100000000)
  eden space 33280K, 83% used [0x00000000eab00000,0x00000000ec627b70,0x00000000ecb80000)
  from space 5120K, 99% used [0x00000000ecb80000,0x00000000ed07c010,0x00000000ed080000)
  to   space 5120K, 0% used [0x00000000ef100000,0x00000000ef100000,0x00000000ef600000)
 ParOldGen       total 87552K, used 5223K [0x00000000c0000000, 0x00000000c5580000, 0x00000000eab00000)
  object space 87552K, 5% used [0x00000000c0000000,0x00000000c0519d60,0x00000000c5580000)
 Metaspace       used 20846K, capacity 21228K, committed 21296K, reserved 1067008K
  class space    used 2804K, capacity 2916K, committed 2944K, reserved 1048576K
Event: 2.135 GC heap after
Heap after GC invocations=4 (full 0):
 PSYoungGen      total 71680K, used 5120K [0x00000000eab00000, 0x00000000ef600000, 0x0000000100000000)
  eden space 66560K, 0% used [0x00000000eab00000,0x00000000eab00000,0x00000000eec00000)
  from space 5120K, 100% used [0x00000000ef100000,0x00000000ef600000,0x00000000ef600000)
  to   space 5120K, 0% used [0x00000000eec00000,0x00000000eec00000,0x00000000ef100000)
 ParOldGen       total 87552K, used 8914K [0x00000000c0000000, 0x00000000c5580000, 0x00000000eab00000)
  object space 87552K, 10% used [0x00000000c0000000,0x00000000c08b4858,0x00000000c5580000)
 Metaspace       used 20846K, capacity 21228K, committed 21296K, reserved 1067008K
  class space    used 2804K, capacity 2916K, committed 2944K, reserved 1048576K
}
Event: 2.135 GC heap before
{Heap before GC invocations=5 (full 1):
 PSYoungGen      total 71680K, used 5120K [0x00000000eab00000, 0x00000000ef600000, 0x0000000100000000)
  eden space 66560K, 0% used [0x00000000eab00000,0x00000000eab00000,0x00000000eec00000)
  from space 5120K, 100% used [0x00000000ef100000,0x00000000ef600000,0x00000000ef600000)
  to   space 5120K, 0% used [0x00000000eec00000,0x00000000eec00000,0x00000000ef100000)
 ParOldGen       total 87552K, used 8914K [0x00000000c0000000, 0x00000000c5580000, 0x00000000eab00000)
  object space 87552K, 10% used [0x00000000c0000000,0x00000000c08b4858,0x00000000c5580000)
 Metaspace       used 20846K, capacity 21228K, committed 21296K, reserved 1067008K
  class space    used 2804K, capacity 2916K, committed 2944K, reserved 1048576K
Event: 2.172 GC heap after
Heap after GC invocations=5 (full 1):
 PSYoungGen      total 71680K, used 0K [0x00000000eab00000, 0x00000000ef600000, 0x0000000100000000)
  eden space 66560K, 0% used [0x00000000eab00000,0x00000000eab00000,0x00000000eec00000)
  from space 5120K, 0% used [0x00000000ef100000,0x00000000ef100000,0x00000000ef600000)
  to   space 5120K, 0% used [0x00000000eec00000,0x00000000eec00000,0x00000000ef100000)
 ParOldGen       total 69632K, used 12052K [0x00000000c0000000, 0x00000000c4400000, 0x00000000eab00000)
  object space 69632K, 17% used [0x00000000c0000000,0x00000000c0bc5170,0x00000000c4400000)
 Metaspace       used 20846K, capacity 21228K, committed 21296K, reserved 1067008K
  class space    used 2804K, capacity 2916K, committed 2944K, reserved 1048576K
}
Event: 2.979 GC heap before
{Heap before GC invocations=6 (full 1):
 PSYoungGen      total 71680K, used 66560K [0x00000000eab00000, 0x00000000ef600000, 0x0000000100000000)
  eden space 66560K, 100% used [0x00000000eab00000,0x00000000eec00000,0x00000000eec00000)
  from space 5120K, 0% used [0x00000000ef100000,0x00000000ef100000,0x00000000ef600000)
  to   space 5120K, 0% used [0x00000000eec00000,0x00000000eec00000,0x00000000ef100000)
 ParOldGen       total 69632K, used 12052K [0x00000000c0000000, 0x00000000c4400000, 0x00000000eab00000)
  object space 69632K, 17% used [0x00000000c0000000,0x00000000c0bc5170,0x00000000c4400000)
 Metaspace       used 26571K, capacity 27078K, committed 27392K, reserved 1073152K
  class space    used 3629K, capacity 3771K, committed 3840K, reserved 1048576K
Event: 2.988 GC heap after
Heap after GC invocations=6 (full 1):
 PSYoungGen      total 71680K, used 5115K [0x00000000eab00000, 0x00000000ef600000, 0x0000000100000000)
  eden space 66560K, 0% used [0x00000000eab00000,0x00000000eab00000,0x00000000eec00000)
  from space 5120K, 99% used [0x00000000eec00000,0x00000000ef0fefa8,0x00000000ef100000)
  to   space 5120K, 0% used [0x00000000ef100000,0x00000000ef100000,0x00000000ef600000)
 ParOldGen       total 69632K, used 13415K [0x00000000c0000000, 0x00000000c4400000, 0x00000000eab00000)
  object space 69632K, 19% used [0x00000000c0000000,0x00000000c0d19e50,0x00000000c4400000)
 Metaspace       used 26571K, capacity 27078K, committed 27392K, reserved 1073152K
  class space    used 3629K, capacity 3771K, committed 3840K, reserved 1048576K
}
Event: 4.092 GC heap before
{Heap before GC invocations=7 (full 1):
 PSYoungGen      total 71680K, used 71675K [0x00000000eab00000, 0x00000000ef600000, 0x0000000100000000)
  eden space 66560K, 100% used [0x00000000eab00000,0x00000000eec00000,0x00000000eec00000)
  from space 5120K, 99% used [0x00000000eec00000,0x00000000ef0fefa8,0x00000000ef100000)
  to   space 5120K, 0% used [0x00000000ef100000,0x00000000ef100000,0x00000000ef600000)
 ParOldGen       total 69632K, used 13415K [0x00000000c0000000, 0x00000000c4400000, 0x00000000eab00000)
  object space 69632K, 19% used [0x00000000c0000000,0x00000000c0d19e50,0x00000000c4400000)
 Metaspace       used 29851K, capacity 30366K, committed 30592K, reserved 1075200K
  class space    used 4037K, capacity 4211K, committed 4224K, reserved 1048576K
Event: 4.102 GC heap after
Heap after GC invocations=7 (full 1):
 PSYoungGen      total 71680K, used 5091K [0x00000000eab00000, 0x00000000ef600000, 0x0000000100000000)
  eden space 66560K, 0% used [0x00000000eab00000,0x00000000eab00000,0x00000000eec00000)
  from space 5120K, 99% used [0x00000000ef100000,0x00000000ef5f8fe0,0x00000000ef600000)
  to   space 5120K, 0% used [0x00000000eec00000,0x00000000eec00000,0x00000000ef100000)
 ParOldGen       total 69632K, used 15831K [0x00000000c0000000, 0x00000000c4400000, 0x00000000eab00000)
  object space 69632K, 22% used [0x00000000c0000000,0x00000000c0f75d30,0x00000000c4400000)
 Metaspace       used 29851K, capacity 30366K, committed 30592K, reserved 1075200K
  class space    used 4037K, capacity 4211K, committed 4224K, reserved 1048576K
}
Event: 4.782 GC heap before
{Heap before GC invocations=8 (full 1):
 PSYoungGen      total 71680K, used 71651K [0x00000000eab00000, 0x00000000ef600000, 0x0000000100000000)
  eden space 66560K, 100% used [0x00000000eab00000,0x00000000eec00000,0x00000000eec00000)
  from space 5120K, 99% used [0x00000000ef100000,0x00000000ef5f8fe0,0x00000000ef600000)
  to   space 5120K, 0% used [0x00000000eec00000,0x00000000eec00000,0x00000000ef100000)
 ParOldGen       total 69632K, used 15831K [0x00000000c0000000, 0x00000000c4400000, 0x00000000eab00000)
  object space 69632K, 22% used [0x00000000c0000000,0x00000000c0f75d30,0x00000000c4400000)
 Metaspace       used 33211K, capacity 33918K, committed 34176K, reserved 1079296K
  class space    used 4471K, capacity 4681K, committed 4736K, reserved 1048576K
Event: 4.790 GC heap after
Heap after GC invocations=8 (full 1):
 PSYoungGen      total 71680K, used 5120K [0x00000000eab00000, 0x00000000ef600000, 0x0000000100000000)
  eden space 66560K, 0% used [0x00000000eab00000,0x00000000eab00000,0x00000000eec00000)
  from space 5120K, 100% used [0x00000000eec00000,0x00000000ef100000,0x00000000ef100000)
  to   space 5120K, 0% used [0x00000000ef100000,0x00000000ef100000,0x00000000ef600000)
 ParOldGen       total 69632K, used 20142K [0x00000000c0000000, 0x00000000c4400000, 0x00000000eab00000)
  object space 69632K, 28% used [0x00000000c0000000,0x00000000c13abaf8,0x00000000c4400000)
 Metaspace       used 33211K, capacity 33918K, committed 34176K, reserved 1079296K
  class space    used 4471K, capacity 4681K, committed 4736K, reserved 1048576K
}

