# JRE version: Java(TM) SE Runtime Environment (8.0_60-b27) (build 1.8.0_60-b27)
# Java VM: Java HotSpot(TM) 64-Bit Server VM (25.60-b23 mixed mode windows-amd64 compressed oops)
Heap:
 PSYoungGen      total 182272K, used 97533K [0x00000000eab00000, 0x00000000f7280000, 0x0000000100000000)
  eden space 171008K, 50% used [0x00000000eab00000,0x00000000eff96a60,0x00000000f5200000)
  from space 11264K, 96% used [0x00000000f6780000,0x00000000f7228d68,0x00000000f7280000)
  to   space 14336K, 0% used [0x00000000f5680000,0x00000000f5680000,0x00000000f6480000)
 ParOldGen       total 88064K, used 22094K [0x00000000c0000000, 0x00000000c5600000, 0x00000000eab00000)
  object space 88064K, 25% used [0x00000000c0000000,0x00000000c1593a08,0x00000000c5600000)
 Metaspace       used 44389K, capacity 45644K, committed 45952K, reserved 1089536K
  class space    used 6137K, capacity 6419K, committed 6528K, reserved 1048576K
GC Heap History (10 events):
Event: 8.143 GC heap before
{Heap before GC invocations=6 (full 1):
 PSYoungGen      total 71680K, used 66560K [0x00000000eab00000, 0x00000000ef600000, 0x0000000100000000)
  eden space 66560K, 100% used [0x00000000eab00000,0x00000000eec00000,0x00000000eec00000)
  from space 5120K, 0% used [0x00000000ef100000,0x00000000ef100000,0x00000000ef600000)
  to   space 5120K, 0% used [0x00000000eec00000,0x00000000eec00000,0x00000000ef100000)
 ParOldGen       total 57344K, used 9515K [0x00000000c0000000, 0x00000000c3800000, 0x00000000eab00000)
  object space 57344K, 16% used [0x00000000c0000000,0x00000000c094ade8,0x00000000c3800000)
 Metaspace       used 26502K, capacity 26922K, committed 27136K, reserved 1073152K
  class space    used 3620K, capacity 3729K, committed 3840K, reserved 1048576K
Event: 8.152 GC heap after
Heap after GC invocations=6 (full 1):
 PSYoungGen      total 71680K, used 5111K [0x00000000eab00000, 0x00000000f2f00000, 0x0000000100000000)
  eden space 66560K, 0% used [0x00000000eab00000,0x00000000eab00000,0x00000000eec00000)
  from space 5120K, 99% used [0x00000000eec00000,0x00000000ef0fdf40,0x00000000ef100000)
  to   space 10752K, 0% used [0x00000000f2480000,0x00000000f2480000,0x00000000f2f00000)
 ParOldGen       total 57344K, used 10563K [0x00000000c0000000, 0x00000000c3800000, 0x00000000eab00000)
  object space 57344K, 18% used [0x00000000c0000000,0x00000000c0a50fb0,0x00000000c3800000)
 Metaspace       used 26502K, capacity 26922K, committed 27136K, reserved 1073152K
  class space    used 3620K, capacity 3729K, committed 3840K, reserved 1048576K
}
Event: 11.760 GC heap before
{Heap before GC invocations=7 (full 1):
 PSYoungGen      total 71680K, used 71671K [0x00000000eab00000, 0x00000000f2f00000, 0x0000000100000000)
  eden space 66560K, 100% used [0x00000000eab00000,0x00000000eec00000,0x00000000eec00000)
  from space 5120K, 99% used [0x00000000eec00000,0x00000000ef0fdf40,0x00000000ef100000)
  to   space 10752K, 0% used [0x00000000f2480000,0x00000000f2480000,0x00000000f2f00000)
 ParOldGen       total 57344K, used 10563K [0x00000000c0000000, 0x00000000c3800000, 0x00000000eab00000)
  object space 57344K, 18% used [0x00000000c0000000,0x00000000c0a50fb0,0x00000000c3800000)
 Metaspace       used 29864K, capacity 30402K, committed 30720K, reserved 1075200K
  class space    used 4047K, capacity 4233K, committed 4352K, reserved 1048576K
Event: 11.768 GC heap after
Heap after GC invocations=7 (full 1):
 PSYoungGen      total 117760K, used 7584K [0x00000000eab00000, 0x00000000f2c00000, 0x0000000100000000)
  eden space 110080K, 0% used [0x00000000eab00000,0x00000000eab00000,0x00000000f1680000)
  from space 7680K, 98% used [0x00000000f2480000,0x00000000f2be8130,0x00000000f2c00000)
  to   space 10240K, 0% used [0x00000000f1800000,0x00000000f1800000,0x00000000f2200000)
 ParOldGen       total 57344K, used 10571K [0x00000000c0000000, 0x00000000c3800000, 0x00000000eab00000)
  object space 57344K, 18% used [0x00000000c0000000,0x00000000c0a52fb0,0x00000000c3800000)
 Metaspace       used 29864K, capacity 30402K, committed 30720K, reserved 1075200K
  class space    used 4047K, capacity 4233K, committed 4352K, reserved 1048576K
}
Event: 13.137 GC heap before
{Heap before GC invocations=8 (full 1):
 PSYoungGen      total 117760K, used 111728K [0x00000000eab00000, 0x00000000f2c00000, 0x0000000100000000)
  eden space 110080K, 94% used [0x00000000eab00000,0x00000000f10b4010,0x00000000f1680000)
  from space 7680K, 98% used [0x00000000f2480000,0x00000000f2be8130,0x00000000f2c00000)
  to   space 10240K, 0% used [0x00000000f1800000,0x00000000f1800000,0x00000000f2200000)
 ParOldGen       total 57344K, used 10571K [0x00000000c0000000, 0x00000000c3800000, 0x00000000eab00000)
  object space 57344K, 18% used [0x00000000c0000000,0x00000000c0a52fb0,0x00000000c3800000)
 Metaspace       used 34655K, capacity 35264K, committed 35496K, reserved 1079296K
  class space    used 4690K, capacity 4839K, committed 4864K, reserved 1048576K
Event: 13.153 GC heap after
Heap after GC invocations=8 (full 1):
 PSYoungGen      total 121856K, used 10230K [0x00000000eab00000, 0x00000000f7500000, 0x0000000100000000)
  eden space 111616K, 0% used [0x00000000eab00000,0x00000000eab00000,0x00000000f1800000)
  from space 10240K, 99% used [0x00000000f1800000,0x00000000f21fda98,0x00000000f2200000)
  to   space 13824K, 0% used [0x00000000f6780000,0x00000000f6780000,0x00000000f7500000)
 ParOldGen       total 57344K, used 14907K [0x00000000c0000000, 0x00000000c3800000, 0x00000000eab00000)
  object space 57344K, 25% used [0x00000000c0000000,0x00000000c0e8ecd8,0x00000000c3800000)
 Metaspace       used 34655K, capacity 35264K, committed 35496K, reserved 1079296K
  class space    used 4690K, capacity 4839K, committed 4864K, reserved 1048576K
}
Event: 13.153 GC heap before
{Heap before GC invocations=9 (full 2):
 PSYoungGen      total 121856K, used 10230K [0x00000000eab00000, 0x00000000f7500000, 0x0000000100000000)
  eden space 111616K, 0% used [0x00000000eab00000,0x00000000eab00000,0x00000000f1800000)
  from space 10240K, 99% used [0x00000000f1800000,0x00000000f21fda98,0x00000000f2200000)
  to   space 13824K, 0% used [0x00000000f6780000,0x00000000f6780000,0x00000000f7500000)
 ParOldGen       total 57344K, used 14907K [0x00000000c0000000, 0x00000000c3800000, 0x00000000eab00000)
  object space 57344K, 25% used [0x00000000c0000000,0x00000000c0e8ecd8,0x00000000c3800000)
 Metaspace       used 34655K, capacity 35264K, committed 35496K, reserved 1079296K
  class space    used 4690K, capacity 4839K, committed 4864K, reserved 1048576K
Event: 13.249 GC heap after
Heap after GC invocations=9 (full 2):
 PSYoungGen      total 121856K, used 0K [0x00000000eab00000, 0x00000000f7500000, 0x0000000100000000)
  eden space 111616K, 0% used [0x00000000eab00000,0x00000000eab00000,0x00000000f1800000)
  from space 10240K, 0% used [0x00000000f1800000,0x00000000f1800000,0x00000000f2200000)
  to   space 13824K, 0% used [0x00000000f6780000,0x00000000f6780000,0x00000000f7500000)
 ParOldGen       total 88064K, used 22086K [0x00000000c0000000, 0x00000000c5600000, 0x00000000eab00000)
  object space 88064K, 25% used [0x00000000c0000000,0x00000000c1591a08,0x00000000c5600000)
 Metaspace       used 34655K, capacity 35264K, committed 35496K, reserved 1079296K
  class space    used 4690K, capacity 4839K, committed 4864K, reserved 1048576K
}
Event: 15.753 GC heap before
{Heap before GC invocations=10 (full 2):
 PSYoungGen      total 121856K, used 111616K [0x00000000eab00000, 0x00000000f7500000, 0x0000000100000000)
  eden space 111616K, 100% used [0x00000000eab00000,0x00000000f1800000,0x00000000f1800000)
  from space 10240K, 0% used [0x00000000f1800000,0x00000000f1800000,0x00000000f2200000)
  to   space 13824K, 0% used [0x00000000f6780000,0x00000000f6780000,0x00000000f7500000)
 ParOldGen       total 88064K, used 22086K [0x00000000c0000000, 0x00000000c5600000, 0x00000000eab00000)
  object space 88064K, 25% used [0x00000000c0000000,0x00000000c1591a08,0x00000000c5600000)
 Metaspace       used 40511K, capacity 41614K, committed 41856K, reserved 1085440K
  class space    used 5534K, capacity 5729K, committed 5760K, reserved 1048576K
Event: 15.766 GC heap after
Heap after GC invocations=10 (full 2):
 PSYoungGen      total 182272K, used 10915K [0x00000000eab00000, 0x00000000f7280000, 0x0000000100000000)
  eden space 171008K, 0% used [0x00000000eab00000,0x00000000eab00000,0x00000000f5200000)
  from space 11264K, 96% used [0x00000000f6780000,0x00000000f7228d68,0x00000000f7280000)
  to   space 14336K, 0% used [0x00000000f5680000,0x00000000f5680000,0x00000000f6480000)
 ParOldGen       total 88064K, used 22094K [0x00000000c0000000, 0x00000000c5600000, 0x00000000eab00000)
  object space 88064K, 25% used [0x00000000c0000000,0x00000000c1593a08,0x00000000c5600000)
 Metaspace       used 40511K, capacity 41614K, committed 41856K, reserved 1085440K
  class space    used 5534K, capacity 5729K, committed 5760K, reserved 1048576K
}

