# JRE version: Java(TM) SE Runtime Environment (8.0_60-b27) (build 1.8.0_60-b27)
# Java VM: Java HotSpot(TM) 64-Bit Server VM (25.60-b23 mixed mode windows-amd64 compressed oops)
Heap:
 PSYoungGen      total 70144K, used 14303K [0x00000000eab00000, 0x00000000f0880000, 0x0000000100000000)
  eden space 56320K, 17% used [0x00000000eab00000,0x00000000eb4c58b8,0x00000000ee200000)
  from space 13824K, 31% used [0x00000000ee200000,0x00000000ee632680,0x00000000eef80000)
  to   space 13312K, 0% used [0x00000000efb80000,0x00000000efb80000,0x00000000f0880000)
 ParOldGen       total 116736K, used 20609K [0x00000000c0000000, 0x00000000c7200000, 0x00000000eab00000)
  object space 116736K, 17% used [0x00000000c0000000,0x00000000c14206c8,0x00000000c7200000)
 Metaspace       used 39045K, capacity 39722K, committed 39808K, reserved 1083392K
  class space    used 5278K, capacity 5455K, committed 5504K, reserved 1048576K
GC Heap History (10 events):
Event: 4.800 GC heap before
{Heap before GC invocations=9 (full 1):
 PSYoungGen      total 52736K, used 45404K [0x00000000eab00000, 0x00000000ef180000, 0x0000000100000000)
  eden space 41472K, 100% used [0x00000000eab00000,0x00000000ed380000,0x00000000ed380000)
  from space 11264K, 34% used [0x00000000ed380000,0x00000000ed7572e8,0x00000000ede80000)
  to   space 10752K, 0% used [0x00000000ee700000,0x00000000ee700000,0x00000000ef180000)
 ParOldGen       total 73216K, used 9509K [0x00000000c0000000, 0x00000000c4780000, 0x00000000eab00000)
  object space 73216K, 12% used [0x00000000c0000000,0x00000000c09494d0,0x00000000c4780000)
 Metaspace       used 30556K, capacity 31110K, committed 31232K, reserved 1077248K
  class space    used 4124K, capacity 4271K, committed 4352K, reserved 1048576K
Event: 4.809 GC heap after
Heap after GC invocations=9 (full 1):
 PSYoungGen      total 60928K, used 7489K [0x00000000eab00000, 0x00000000ef380000, 0x0000000100000000)
  eden space 50176K, 0% used [0x00000000eab00000,0x00000000eab00000,0x00000000edc00000)
  from space 10752K, 69% used [0x00000000ee700000,0x00000000eee50418,0x00000000ef180000)
  to   space 11264K, 0% used [0x00000000edc00000,0x00000000edc00000,0x00000000ee700000)
 ParOldGen       total 73216K, used 9517K [0x00000000c0000000, 0x00000000c4780000, 0x00000000eab00000)
  object space 73216K, 12% used [0x00000000c0000000,0x00000000c094b4d0,0x00000000c4780000)
 Metaspace       used 30556K, capacity 31110K, committed 31232K, reserved 1077248K
  class space    used 4124K, capacity 4271K, committed 4352K, reserved 1048576K
}
Event: 5.309 GC heap before
{Heap before GC invocations=10 (full 1):
 PSYoungGen      total 60928K, used 57665K [0x00000000eab00000, 0x00000000ef380000, 0x0000000100000000)
  eden space 50176K, 100% used [0x00000000eab00000,0x00000000edc00000,0x00000000edc00000)
  from space 10752K, 69% used [0x00000000ee700000,0x00000000eee50418,0x00000000ef180000)
  to   space 11264K, 0% used [0x00000000edc00000,0x00000000edc00000,0x00000000ee700000)
 ParOldGen       total 73216K, used 9517K [0x00000000c0000000, 0x00000000c4780000, 0x00000000eab00000)
  object space 73216K, 12% used [0x00000000c0000000,0x00000000c094b4d0,0x00000000c4780000)
 Metaspace       used 33198K, capacity 33894K, committed 34176K, reserved 1079296K
  class space    used 4473K, capacity 4677K, committed 4736K, reserved 1048576K
Event: 5.318 GC heap after
Heap after GC invocations=10 (full 1):
 PSYoungGen      total 61440K, used 8966K [0x00000000eab00000, 0x00000000efb00000, 0x0000000100000000)
  eden space 50176K, 0% used [0x00000000eab00000,0x00000000eab00000,0x00000000edc00000)
  from space 11264K, 79% used [0x00000000edc00000,0x00000000ee4c1ad8,0x00000000ee700000)
  to   space 11776K, 0% used [0x00000000eef80000,0x00000000eef80000,0x00000000efb00000)
 ParOldGen       total 73216K, used 9525K [0x00000000c0000000, 0x00000000c4780000, 0x00000000eab00000)
  object space 73216K, 13% used [0x00000000c0000000,0x00000000c094d4d0,0x00000000c4780000)
 Metaspace       used 33198K, capacity 33894K, committed 34176K, reserved 1079296K
  class space    used 4473K, capacity 4677K, committed 4736K, reserved 1048576K
}
Event: 5.702 GC heap before
{Heap before GC invocations=11 (full 1):
 PSYoungGen      total 61440K, used 51850K [0x00000000eab00000, 0x00000000efb00000, 0x0000000100000000)
  eden space 50176K, 85% used [0x00000000eab00000,0x00000000ed4e0d48,0x00000000edc00000)
  from space 11264K, 79% used [0x00000000edc00000,0x00000000ee4c1ad8,0x00000000ee700000)
  to   space 11776K, 0% used [0x00000000eef80000,0x00000000eef80000,0x00000000efb00000)
 ParOldGen       total 73216K, used 9525K [0x00000000c0000000, 0x00000000c4780000, 0x00000000eab00000)
  object space 73216K, 13% used [0x00000000c0000000,0x00000000c094d4d0,0x00000000c4780000)
 Metaspace       used 34678K, capacity 35318K, committed 35496K, reserved 1079296K
  class space    used 4699K, capacity 4849K, committed 4864K, reserved 1048576K
Event: 5.731 GC heap after
Heap after GC invocations=11 (full 1):
 PSYoungGen      total 68096K, used 11763K [0x00000000eab00000, 0x00000000f0300000, 0x0000000100000000)
  eden space 56320K, 0% used [0x00000000eab00000,0x00000000eab00000,0x00000000ee200000)
  from space 11776K, 99% used [0x00000000eef80000,0x00000000efafce18,0x00000000efb00000)
  to   space 13824K, 0% used [0x00000000ee200000,0x00000000ee200000,0x00000000eef80000)
 ParOldGen       total 73216K, used 10698K [0x00000000c0000000, 0x00000000c4780000, 0x00000000eab00000)
  object space 73216K, 14% used [0x00000000c0000000,0x00000000c0a72bc8,0x00000000c4780000)
 Metaspace       used 34678K, capacity 35318K, committed 35496K, reserved 1079296K
  class space    used 4699K, capacity 4849K, committed 4864K, reserved 1048576K
}
Event: 5.731 GC heap before
{Heap before GC invocations=12 (full 2):
 PSYoungGen      total 68096K, used 11763K [0x00000000eab00000, 0x00000000f0300000, 0x0000000100000000)
  eden space 56320K, 0% used [0x00000000eab00000,0x00000000eab00000,0x00000000ee200000)
  from space 11776K, 99% used [0x00000000eef80000,0x00000000efafce18,0x00000000efb00000)
  to   space 13824K, 0% used [0x00000000ee200000,0x00000000ee200000,0x00000000eef80000)
 ParOldGen       total 73216K, used 10698K [0x00000000c0000000, 0x00000000c4780000, 0x00000000eab00000)
  object space 73216K, 14% used [0x00000000c0000000,0x00000000c0a72bc8,0x00000000c4780000)
 Metaspace       used 34678K, capacity 35318K, committed 35496K, reserved 1079296K
  class space    used 4699K, capacity 4849K, committed 4864K, reserved 1048576K
Event: 5.836 GC heap after
Heap after GC invocations=12 (full 2):
 PSYoungGen      total 68096K, used 0K [0x00000000eab00000, 0x00000000f0300000, 0x0000000100000000)
  eden space 56320K, 0% used [0x00000000eab00000,0x00000000eab00000,0x00000000ee200000)
  from space 11776K, 0% used [0x00000000eef80000,0x00000000eef80000,0x00000000efb00000)
  to   space 13824K, 0% used [0x00000000ee200000,0x00000000ee200000,0x00000000eef80000)
 ParOldGen       total 116736K, used 20601K [0x00000000c0000000, 0x00000000c7200000, 0x00000000eab00000)
  object space 116736K, 17% used [0x00000000c0000000,0x00000000c141e6c8,0x00000000c7200000)
 Metaspace       used 34678K, capacity 35318K, committed 35496K, reserved 1079296K
  class space    used 4699K, capacity 4849K, committed 4864K, reserved 1048576K
}
Event: 6.354 GC heap before
{Heap before GC invocations=13 (full 2):
 PSYoungGen      total 68096K, used 56320K [0x00000000eab00000, 0x00000000f0300000, 0x0000000100000000)
  eden space 56320K, 100% used [0x00000000eab00000,0x00000000ee200000,0x00000000ee200000)
  from space 11776K, 0% used [0x00000000eef80000,0x00000000eef80000,0x00000000efb00000)
  to   space 13824K, 0% used [0x00000000ee200000,0x00000000ee200000,0x00000000eef80000)
 ParOldGen       total 116736K, used 20601K [0x00000000c0000000, 0x00000000c7200000, 0x00000000eab00000)
  object space 116736K, 17% used [0x00000000c0000000,0x00000000c141e6c8,0x00000000c7200000)
 Metaspace       used 38432K, capacity 39146K, committed 39296K, reserved 1083392K
  class space    used 5198K, capacity 5391K, committed 5504K, reserved 1048576K
Event: 6.358 GC heap after
Heap after GC invocations=13 (full 2):
 PSYoungGen      total 70144K, used 4297K [0x00000000eab00000, 0x00000000f0880000, 0x0000000100000000)
  eden space 56320K, 0% used [0x00000000eab00000,0x00000000eab00000,0x00000000ee200000)
  from space 13824K, 31% used [0x00000000ee200000,0x00000000ee632680,0x00000000eef80000)
  to   space 13312K, 0% used [0x00000000efb80000,0x00000000efb80000,0x00000000f0880000)
 ParOldGen       total 116736K, used 20609K [0x00000000c0000000, 0x00000000c7200000, 0x00000000eab00000)
  object space 116736K, 17% used [0x00000000c0000000,0x00000000c14206c8,0x00000000c7200000)
 Metaspace       used 38432K, capacity 39146K, committed 39296K, reserved 1083392K
  class space    used 5198K, capacity 5391K, committed 5504K, reserved 1048576K
}

