# JRE version: Java(TM) SE Runtime Environment (8.0_60-b27) (build 1.8.0_60-b27)
# Java VM: Java HotSpot(TM) 64-Bit Server VM (25.60-b23 mixed mode windows-amd64 compressed oops)
Heap:
 PSYoungGen      total 126976K, used 16706K [0x00000000eab00000, 0x00000000f5100000, 0x0000000100000000)
  eden space 113152K, 4% used [0x00000000eab00000,0x00000000eb05bb40,0x00000000f1980000)
  from space 13824K, 81% used [0x00000000f1980000,0x00000000f2474cf0,0x00000000f2700000)
  to   space 14336K, 0% used [0x00000000f4300000,0x00000000f4300000,0x00000000f5100000)
 ParOldGen       total 69120K, used 20002K [0x00000000c0000000, 0x00000000c4380000, 0x00000000eab00000)
  object space 69120K, 28% used [0x00000000c0000000,0x00000000c1388bc8,0x00000000c4380000)
 Metaspace       used 40818K, capacity 41868K, committed 41984K, reserved 1085440K
  class space    used 5584K, capacity 5806K, committed 5888K, reserved 1048576K
GC Heap History (10 events):
Event: 4.661 GC heap before
{Heap before GC invocations=7 (full 1):
 PSYoungGen      total 71680K, used 71652K [0x00000000eab00000, 0x00000000f1700000, 0x0000000100000000)
  eden space 66560K, 100% used [0x00000000eab00000,0x00000000eec00000,0x00000000eec00000)
  from space 5120K, 99% used [0x00000000eec00000,0x00000000ef0f9088,0x00000000ef100000)
  to   space 10752K, 0% used [0x00000000f0c80000,0x00000000f0c80000,0x00000000f1700000)
 ParOldGen       total 69120K, used 10742K [0x00000000c0000000, 0x00000000c4380000, 0x00000000eab00000)
  object space 69120K, 15% used [0x00000000c0000000,0x00000000c0a7daf0,0x00000000c4380000)
 Metaspace       used 29827K, capacity 30400K, committed 30592K, reserved 1075200K
  class space    used 4034K, capacity 4206K, committed 4224K, reserved 1048576K
Event: 4.669 GC heap after
Heap after GC invocations=7 (full 1):
 PSYoungGen      total 94720K, used 7489K [0x00000000eab00000, 0x00000000f1400000, 0x0000000100000000)
  eden space 87040K, 0% used [0x00000000eab00000,0x00000000eab00000,0x00000000f0000000)
  from space 7680K, 97% used [0x00000000f0c80000,0x00000000f13d0430,0x00000000f1400000)
  to   space 10240K, 0% used [0x00000000f0000000,0x00000000f0000000,0x00000000f0a00000)
 ParOldGen       total 69120K, used 10814K [0x00000000c0000000, 0x00000000c4380000, 0x00000000eab00000)
  object space 69120K, 15% used [0x00000000c0000000,0x00000000c0a8fb00,0x00000000c4380000)
 Metaspace       used 29827K, capacity 30400K, committed 30592K, reserved 1075200K
  class space    used 4034K, capacity 4206K, committed 4224K, reserved 1048576K
}
Event: 5.750 GC heap before
{Heap before GC invocations=8 (full 1):
 PSYoungGen      total 94720K, used 94529K [0x00000000eab00000, 0x00000000f1400000, 0x0000000100000000)
  eden space 87040K, 100% used [0x00000000eab00000,0x00000000f0000000,0x00000000f0000000)
  from space 7680K, 97% used [0x00000000f0c80000,0x00000000f13d0430,0x00000000f1400000)
  to   space 10240K, 0% used [0x00000000f0000000,0x00000000f0000000,0x00000000f0a00000)
 ParOldGen       total 69120K, used 10814K [0x00000000c0000000, 0x00000000c4380000, 0x00000000eab00000)
  object space 69120K, 15% used [0x00000000c0000000,0x00000000c0a8fb00,0x00000000c4380000)
 Metaspace       used 33581K, capacity 34204K, committed 34432K, reserved 1079296K
  class space    used 4520K, capacity 4714K, committed 4736K, reserved 1048576K
Event: 5.763 GC heap after
Heap after GC invocations=8 (full 1):
 PSYoungGen      total 97280K, used 10230K [0x00000000eab00000, 0x00000000f3380000, 0x0000000100000000)
  eden space 87040K, 0% used [0x00000000eab00000,0x00000000eab00000,0x00000000f0000000)
  from space 10240K, 99% used [0x00000000f0000000,0x00000000f09fdab8,0x00000000f0a00000)
  to   space 12800K, 0% used [0x00000000f2700000,0x00000000f2700000,0x00000000f3380000)
 ParOldGen       total 69120K, used 13121K [0x00000000c0000000, 0x00000000c4380000, 0x00000000eab00000)
  object space 69120K, 18% used [0x00000000c0000000,0x00000000c0cd06c0,0x00000000c4380000)
 Metaspace       used 33581K, capacity 34204K, committed 34432K, reserved 1079296K
  class space    used 4520K, capacity 4714K, committed 4736K, reserved 1048576K
}
Event: 6.007 GC heap before
{Heap before GC invocations=9 (full 1):
 PSYoungGen      total 97280K, used 29892K [0x00000000eab00000, 0x00000000f3380000, 0x0000000100000000)
  eden space 87040K, 22% used [0x00000000eab00000,0x00000000ebe33820,0x00000000f0000000)
  from space 10240K, 99% used [0x00000000f0000000,0x00000000f09fdab8,0x00000000f0a00000)
  to   space 12800K, 0% used [0x00000000f2700000,0x00000000f2700000,0x00000000f3380000)
 ParOldGen       total 69120K, used 13121K [0x00000000c0000000, 0x00000000c4380000, 0x00000000eab00000)
  object space 69120K, 18% used [0x00000000c0000000,0x00000000c0cd06c0,0x00000000c4380000)
 Metaspace       used 34707K, capacity 35262K, committed 35456K, reserved 1079296K
  class space    used 4698K, capacity 4876K, committed 4992K, reserved 1048576K
Event: 6.023 GC heap after
Heap after GC invocations=9 (full 1):
 PSYoungGen      total 125952K, used 12307K [0x00000000eab00000, 0x00000000f4400000, 0x0000000100000000)
  eden space 113152K, 0% used [0x00000000eab00000,0x00000000eab00000,0x00000000f1980000)
  from space 12800K, 96% used [0x00000000f2700000,0x00000000f3304df0,0x00000000f3380000)
  to   space 13824K, 0% used [0x00000000f1980000,0x00000000f1980000,0x00000000f2700000)
 ParOldGen       total 69120K, used 13121K [0x00000000c0000000, 0x00000000c4380000, 0x00000000eab00000)
  object space 69120K, 18% used [0x00000000c0000000,0x00000000c0cd06c0,0x00000000c4380000)
 Metaspace       used 34707K, capacity 35262K, committed 35456K, reserved 1079296K
  class space    used 4698K, capacity 4876K, committed 4992K, reserved 1048576K
}
Event: 6.023 GC heap before
{Heap before GC invocations=10 (full 2):
 PSYoungGen      total 125952K, used 12307K [0x00000000eab00000, 0x00000000f4400000, 0x0000000100000000)
  eden space 113152K, 0% used [0x00000000eab00000,0x00000000eab00000,0x00000000f1980000)
  from space 12800K, 96% used [0x00000000f2700000,0x00000000f3304df0,0x00000000f3380000)
  to   space 13824K, 0% used [0x00000000f1980000,0x00000000f1980000,0x00000000f2700000)
 ParOldGen       total 69120K, used 13121K [0x00000000c0000000, 0x00000000c4380000, 0x00000000eab00000)
  object space 69120K, 18% used [0x00000000c0000000,0x00000000c0cd06c0,0x00000000c4380000)
 Metaspace       used 34707K, capacity 35262K, committed 35456K, reserved 1079296K
  class space    used 4698K, capacity 4876K, committed 4992K, reserved 1048576K
Event: 6.130 GC heap after
Heap after GC invocations=10 (full 2):
 PSYoungGen      total 125952K, used 0K [0x00000000eab00000, 0x00000000f4400000, 0x0000000100000000)
  eden space 113152K, 0% used [0x00000000eab00000,0x00000000eab00000,0x00000000f1980000)
  from space 12800K, 0% used [0x00000000f2700000,0x00000000f2700000,0x00000000f3380000)
  to   space 13824K, 0% used [0x00000000f1980000,0x00000000f1980000,0x00000000f2700000)
 ParOldGen       total 69120K, used 19994K [0x00000000c0000000, 0x00000000c4380000, 0x00000000eab00000)
  object space 69120K, 28% used [0x00000000c0000000,0x00000000c1386bc8,0x00000000c4380000)
 Metaspace       used 34707K, capacity 35262K, committed 35456K, reserved 1079296K
  class space    used 4698K, capacity 4876K, committed 4992K, reserved 1048576K
}
Event: 7.497 GC heap before
{Heap before GC invocations=11 (full 2):
 PSYoungGen      total 125952K, used 113152K [0x00000000eab00000, 0x00000000f4400000, 0x0000000100000000)
  eden space 113152K, 100% used [0x00000000eab00000,0x00000000f1980000,0x00000000f1980000)
  from space 12800K, 0% used [0x00000000f2700000,0x00000000f2700000,0x00000000f3380000)
  to   space 13824K, 0% used [0x00000000f1980000,0x00000000f1980000,0x00000000f2700000)
 ParOldGen       total 69120K, used 19994K [0x00000000c0000000, 0x00000000c4380000, 0x00000000eab00000)
  object space 69120K, 28% used [0x00000000c0000000,0x00000000c1386bc8,0x00000000c4380000)
 Metaspace       used 40634K, capacity 41696K, committed 41984K, reserved 1085440K
  class space    used 5554K, capacity 5772K, committed 5888K, reserved 1048576K
Event: 7.506 GC heap after
Heap after GC invocations=11 (full 2):
 PSYoungGen      total 126976K, used 11219K [0x00000000eab00000, 0x00000000f5100000, 0x0000000100000000)
  eden space 113152K, 0% used [0x00000000eab00000,0x00000000eab00000,0x00000000f1980000)
  from space 13824K, 81% used [0x00000000f1980000,0x00000000f2474cf0,0x00000000f2700000)
  to   space 14336K, 0% used [0x00000000f4300000,0x00000000f4300000,0x00000000f5100000)
 ParOldGen       total 69120K, used 20002K [0x00000000c0000000, 0x00000000c4380000, 0x00000000eab00000)
  object space 69120K, 28% used [0x00000000c0000000,0x00000000c1388bc8,0x00000000c4380000)
 Metaspace       used 40634K, capacity 41696K, committed 41984K, reserved 1085440K
  class space    used 5554K, capacity 5772K, committed 5888K, reserved 1048576K
}

