# JRE version: Java(TM) SE Runtime Environment (8.0_60-b27) (build 1.8.0_60-b27)
# Java VM: Java HotSpot(TM) 64-Bit Server VM (25.60-b23 mixed mode windows-amd64 compressed oops)
Heap:
 PSYoungGen      total 106496K, used 15640K [0x00000000eab00000, 0x00000000f4d80000, 0x0000000100000000)
  eden space 96256K, 5% used [0x00000000eab00000,0x00000000eb049548,0x00000000f0900000)
  from space 10240K, 99% used [0x00000000f0900000,0x00000000f12fce18,0x00000000f1300000)
  to   space 12800K, 0% used [0x00000000f4100000,0x00000000f4100000,0x00000000f4d80000)
 ParOldGen       total 65536K, used 13783K [0x00000000c0000000, 0x00000000c4000000, 0x00000000eab00000)
  object space 65536K, 21% used [0x00000000c0000000,0x00000000c0d75f58,0x00000000c4000000)
 Metaspace       used 33729K, capacity 34340K, committed 34432K, reserved 1079296K
  class space    used 4546K, capacity 4717K, committed 4736K, reserved 1048576K
GC Heap History (10 events):
Event: 2.251 GC heap before
{Heap before GC invocations=4 (full 0):
 PSYoungGen      total 38400K, used 32616K [0x00000000eab00000, 0x00000000ef600000, 0x0000000100000000)
  eden space 33280K, 82% used [0x00000000eab00000,0x00000000ec5de0d0,0x00000000ecb80000)
  from space 5120K, 99% used [0x00000000ecb80000,0x00000000ed07c030,0x00000000ed080000)
  to   space 5120K, 0% used [0x00000000ef100000,0x00000000ef100000,0x00000000ef600000)
 ParOldGen       total 87552K, used 5539K [0x00000000c0000000, 0x00000000c5580000, 0x00000000eab00000)
  object space 87552K, 6% used [0x00000000c0000000,0x00000000c0568e90,0x00000000c5580000)
 Metaspace       used 20850K, capacity 21236K, committed 21296K, reserved 1067008K
  class space    used 2809K, capacity 2944K, committed 2944K, reserved 1048576K
Event: 2.263 GC heap after
Heap after GC invocations=4 (full 0):
 PSYoungGen      total 71680K, used 5088K [0x00000000eab00000, 0x00000000ef600000, 0x0000000100000000)
  eden space 66560K, 0% used [0x00000000eab00000,0x00000000eab00000,0x00000000eec00000)
  from space 5120K, 99% used [0x00000000ef100000,0x00000000ef5f8050,0x00000000ef600000)
  to   space 5120K, 0% used [0x00000000eec00000,0x00000000eec00000,0x00000000ef100000)
 ParOldGen       total 87552K, used 9057K [0x00000000c0000000, 0x00000000c5580000, 0x00000000eab00000)
  object space 87552K, 10% used [0x00000000c0000000,0x00000000c08d86c0,0x00000000c5580000)
 Metaspace       used 20850K, capacity 21236K, committed 21296K, reserved 1067008K
  class space    used 2809K, capacity 2944K, committed 2944K, reserved 1048576K
}
Event: 2.263 GC heap before
{Heap before GC invocations=5 (full 1):
 PSYoungGen      total 71680K, used 5088K [0x00000000eab00000, 0x00000000ef600000, 0x0000000100000000)
  eden space 66560K, 0% used [0x00000000eab00000,0x00000000eab00000,0x00000000eec00000)
  from space 5120K, 99% used [0x00000000ef100000,0x00000000ef5f8050,0x00000000ef600000)
  to   space 5120K, 0% used [0x00000000eec00000,0x00000000eec00000,0x00000000ef100000)
 ParOldGen       total 87552K, used 9057K [0x00000000c0000000, 0x00000000c5580000, 0x00000000eab00000)
  object space 87552K, 10% used [0x00000000c0000000,0x00000000c08d86c0,0x00000000c5580000)
 Metaspace       used 20850K, capacity 21236K, committed 21296K, reserved 1067008K
  class space    used 2809K, capacity 2944K, committed 2944K, reserved 1048576K
Event: 2.302 GC heap after
Heap after GC invocations=5 (full 1):
 PSYoungGen      total 71680K, used 0K [0x00000000eab00000, 0x00000000ef600000, 0x0000000100000000)
  eden space 66560K, 0% used [0x00000000eab00000,0x00000000eab00000,0x00000000eec00000)
  from space 5120K, 0% used [0x00000000ef100000,0x00000000ef100000,0x00000000ef600000)
  to   space 5120K, 0% used [0x00000000eec00000,0x00000000eec00000,0x00000000ef100000)
 ParOldGen       total 65536K, used 9348K [0x00000000c0000000, 0x00000000c4000000, 0x00000000eab00000)
  object space 65536K, 14% used [0x00000000c0000000,0x00000000c0921228,0x00000000c4000000)
 Metaspace       used 20850K, capacity 21236K, committed 21296K, reserved 1067008K
  class space    used 2809K, capacity 2944K, committed 2944K, reserved 1048576K
}
Event: 3.390 GC heap before
{Heap before GC invocations=6 (full 1):
 PSYoungGen      total 71680K, used 66560K [0x00000000eab00000, 0x00000000ef600000, 0x0000000100000000)
  eden space 66560K, 100% used [0x00000000eab00000,0x00000000eec00000,0x00000000eec00000)
  from space 5120K, 0% used [0x00000000ef100000,0x00000000ef100000,0x00000000ef600000)
  to   space 5120K, 0% used [0x00000000eec00000,0x00000000eec00000,0x00000000ef100000)
 ParOldGen       total 65536K, used 9348K [0x00000000c0000000, 0x00000000c4000000, 0x00000000eab00000)
  object space 65536K, 14% used [0x00000000c0000000,0x00000000c0921228,0x00000000c4000000)
 Metaspace       used 26547K, capacity 27054K, committed 27392K, reserved 1073152K
  class space    used 3627K, capacity 3767K, committed 3840K, reserved 1048576K
Event: 3.396 GC heap after
Heap after GC invocations=6 (full 1):
 PSYoungGen      total 71680K, used 5103K [0x00000000eab00000, 0x00000000f1e00000, 0x0000000100000000)
  eden space 66560K, 0% used [0x00000000eab00000,0x00000000eab00000,0x00000000eec00000)
  from space 5120K, 99% used [0x00000000eec00000,0x00000000ef0fbda0,0x00000000ef100000)
  to   space 10752K, 0% used [0x00000000f1380000,0x00000000f1380000,0x00000000f1e00000)
 ParOldGen       total 65536K, used 10508K [0x00000000c0000000, 0x00000000c4000000, 0x00000000eab00000)
  object space 65536K, 16% used [0x00000000c0000000,0x00000000c0a43348,0x00000000c4000000)
 Metaspace       used 26547K, capacity 27054K, committed 27392K, reserved 1073152K
  class space    used 3627K, capacity 3767K, committed 3840K, reserved 1048576K
}
Event: 4.486 GC heap before
{Heap before GC invocations=7 (full 1):
 PSYoungGen      total 71680K, used 71663K [0x00000000eab00000, 0x00000000f1e00000, 0x0000000100000000)
  eden space 66560K, 100% used [0x00000000eab00000,0x00000000eec00000,0x00000000eec00000)
  from space 5120K, 99% used [0x00000000eec00000,0x00000000ef0fbda0,0x00000000ef100000)
  to   space 10752K, 0% used [0x00000000f1380000,0x00000000f1380000,0x00000000f1e00000)
 ParOldGen       total 65536K, used 10508K [0x00000000c0000000, 0x00000000c4000000, 0x00000000eab00000)
  object space 65536K, 16% used [0x00000000c0000000,0x00000000c0a43348,0x00000000c4000000)
 Metaspace       used 29752K, capacity 30342K, committed 30592K, reserved 1075200K
  class space    used 4026K, capacity 4207K, committed 4224K, reserved 1048576K
Event: 4.502 GC heap after
Heap after GC invocations=7 (full 1):
 PSYoungGen      total 105984K, used 7317K [0x00000000eab00000, 0x00000000f1d00000, 0x0000000100000000)
  eden space 96256K, 0% used [0x00000000eab00000,0x00000000eab00000,0x00000000f0900000)
  from space 9728K, 75% used [0x00000000f1380000,0x00000000f1aa5568,0x00000000f1d00000)
  to   space 10240K, 0% used [0x00000000f0900000,0x00000000f0900000,0x00000000f1300000)
 ParOldGen       total 65536K, used 10516K [0x00000000c0000000, 0x00000000c4000000, 0x00000000eab00000)
  object space 65536K, 16% used [0x00000000c0000000,0x00000000c0a45348,0x00000000c4000000)
 Metaspace       used 29752K, capacity 30342K, committed 30592K, reserved 1075200K
  class space    used 4026K, capacity 4207K, committed 4224K, reserved 1048576K
}
Event: 5.513 GC heap before
{Heap before GC invocations=8 (full 1):
 PSYoungGen      total 105984K, used 103573K [0x00000000eab00000, 0x00000000f1d00000, 0x0000000100000000)
  eden space 96256K, 100% used [0x00000000eab00000,0x00000000f0900000,0x00000000f0900000)
  from space 9728K, 75% used [0x00000000f1380000,0x00000000f1aa5568,0x00000000f1d00000)
  to   space 10240K, 0% used [0x00000000f0900000,0x00000000f0900000,0x00000000f1300000)
 ParOldGen       total 65536K, used 10516K [0x00000000c0000000, 0x00000000c4000000, 0x00000000eab00000)
  object space 65536K, 16% used [0x00000000c0000000,0x00000000c0a45348,0x00000000c4000000)
 Metaspace       used 33652K, capacity 34340K, committed 34432K, reserved 1079296K
  class space    used 4535K, capacity 4717K, committed 4736K, reserved 1048576K
Event: 5.531 GC heap after
Heap after GC invocations=8 (full 1):
 PSYoungGen      total 106496K, used 10227K [0x00000000eab00000, 0x00000000f4d80000, 0x0000000100000000)
  eden space 96256K, 0% used [0x00000000eab00000,0x00000000eab00000,0x00000000f0900000)
  from space 10240K, 99% used [0x00000000f0900000,0x00000000f12fce18,0x00000000f1300000)
  to   space 12800K, 0% used [0x00000000f4100000,0x00000000f4100000,0x00000000f4d80000)
 ParOldGen       total 65536K, used 13783K [0x00000000c0000000, 0x00000000c4000000, 0x00000000eab00000)
  object space 65536K, 21% used [0x00000000c0000000,0x00000000c0d75f58,0x00000000c4000000)
 Metaspace       used 33652K, capacity 34340K, committed 34432K, reserved 1079296K
  class space    used 4535K, capacity 4717K, committed 4736K, reserved 1048576K
}

