# JRE version: Java(TM) SE Runtime Environment (8.0_60-b27) (build 1.8.0_60-b27)
# Java VM: Java HotSpot(TM) 64-Bit Server VM (25.60-b23 mixed mode windows-amd64 compressed oops)
Heap:
 PSYoungGen      total 108544K, used 13938K [0x00000000eab00000, 0x00000000f5200000, 0x0000000100000000)
  eden space 98304K, 3% used [0x00000000eab00000,0x00000000eae9cca8,0x00000000f0b00000)
  from space 10240K, 99% used [0x00000000f0b00000,0x00000000f14ffe18,0x00000000f1500000)
  to   space 12800K, 0% used [0x00000000f4580000,0x00000000f4580000,0x00000000f5200000)
 ParOldGen       total 62976K, used 13996K [0x00000000c0000000, 0x00000000c3d80000, 0x00000000eab00000)
  object space 62976K, 22% used [0x00000000c0000000,0x00000000c0dab3b8,0x00000000c3d80000)
 Metaspace       used 33803K, capacity 34416K, committed 34688K, reserved 1079296K
  class space    used 4555K, capacity 4719K, committed 4736K, reserved 1048576K
GC Heap History (10 events):
Event: 2.505 GC heap before
{Heap before GC invocations=4 (full 0):
 PSYoungGen      total 38400K, used 32580K [0x00000000eab00000, 0x00000000ef600000, 0x0000000100000000)
  eden space 33280K, 82% used [0x00000000eab00000,0x00000000ec5d5168,0x00000000ecb80000)
  from space 5120K, 99% used [0x00000000ecb80000,0x00000000ed07c030,0x00000000ed080000)
  to   space 5120K, 0% used [0x00000000ef100000,0x00000000ef100000,0x00000000ef600000)
 ParOldGen       total 87552K, used 5460K [0x00000000c0000000, 0x00000000c5580000, 0x00000000eab00000)
  object space 87552K, 6% used [0x00000000c0000000,0x00000000c0555310,0x00000000c5580000)
 Metaspace       used 20843K, capacity 21216K, committed 21296K, reserved 1067008K
  class space    used 2803K, capacity 2914K, committed 2944K, reserved 1048576K
Event: 2.518 GC heap after
Heap after GC invocations=4 (full 0):
 PSYoungGen      total 71680K, used 5104K [0x00000000eab00000, 0x00000000ef600000, 0x0000000100000000)
  eden space 66560K, 0% used [0x00000000eab00000,0x00000000eab00000,0x00000000eec00000)
  from space 5120K, 99% used [0x00000000ef100000,0x00000000ef5fc030,0x00000000ef600000)
  to   space 5120K, 0% used [0x00000000eec00000,0x00000000eec00000,0x00000000ef100000)
 ParOldGen       total 87552K, used 8951K [0x00000000c0000000, 0x00000000c5580000, 0x00000000eab00000)
  object space 87552K, 10% used [0x00000000c0000000,0x00000000c08bdff0,0x00000000c5580000)
 Metaspace       used 20843K, capacity 21216K, committed 21296K, reserved 1067008K
  class space    used 2803K, capacity 2914K, committed 2944K, reserved 1048576K
}
Event: 2.518 GC heap before
{Heap before GC invocations=5 (full 1):
 PSYoungGen      total 71680K, used 5104K [0x00000000eab00000, 0x00000000ef600000, 0x0000000100000000)
  eden space 66560K, 0% used [0x00000000eab00000,0x00000000eab00000,0x00000000eec00000)
  from space 5120K, 99% used [0x00000000ef100000,0x00000000ef5fc030,0x00000000ef600000)
  to   space 5120K, 0% used [0x00000000eec00000,0x00000000eec00000,0x00000000ef100000)
 ParOldGen       total 87552K, used 8951K [0x00000000c0000000, 0x00000000c5580000, 0x00000000eab00000)
  object space 87552K, 10% used [0x00000000c0000000,0x00000000c08bdff0,0x00000000c5580000)
 Metaspace       used 20843K, capacity 21216K, committed 21296K, reserved 1067008K
  class space    used 2803K, capacity 2914K, committed 2944K, reserved 1048576K
Event: 2.556 GC heap after
Heap after GC invocations=5 (full 1):
 PSYoungGen      total 71680K, used 0K [0x00000000eab00000, 0x00000000ef600000, 0x0000000100000000)
  eden space 66560K, 0% used [0x00000000eab00000,0x00000000eab00000,0x00000000eec00000)
  from space 5120K, 0% used [0x00000000ef100000,0x00000000ef100000,0x00000000ef600000)
  to   space 5120K, 0% used [0x00000000eec00000,0x00000000eec00000,0x00000000ef100000)
 ParOldGen       total 62976K, used 9309K [0x00000000c0000000, 0x00000000c3d80000, 0x00000000eab00000)
  object space 62976K, 14% used [0x00000000c0000000,0x00000000c09177c0,0x00000000c3d80000)
 Metaspace       used 20843K, capacity 21216K, committed 21296K, reserved 1067008K
  class space    used 2803K, capacity 2914K, committed 2944K, reserved 1048576K
}
Event: 3.515 GC heap before
{Heap before GC invocations=6 (full 1):
 PSYoungGen      total 71680K, used 66560K [0x00000000eab00000, 0x00000000ef600000, 0x0000000100000000)
  eden space 66560K, 100% used [0x00000000eab00000,0x00000000eec00000,0x00000000eec00000)
  from space 5120K, 0% used [0x00000000ef100000,0x00000000ef100000,0x00000000ef600000)
  to   space 5120K, 0% used [0x00000000eec00000,0x00000000eec00000,0x00000000ef100000)
 ParOldGen       total 62976K, used 9309K [0x00000000c0000000, 0x00000000c3d80000, 0x00000000eab00000)
  object space 62976K, 14% used [0x00000000c0000000,0x00000000c09177c0,0x00000000c3d80000)
 Metaspace       used 26530K, capacity 26970K, committed 27136K, reserved 1073152K
  class space    used 3622K, capacity 3737K, committed 3840K, reserved 1048576K
Event: 3.521 GC heap after
Heap after GC invocations=6 (full 1):
 PSYoungGen      total 71680K, used 5114K [0x00000000eab00000, 0x00000000f2180000, 0x0000000100000000)
  eden space 66560K, 0% used [0x00000000eab00000,0x00000000eab00000,0x00000000eec00000)
  from space 5120K, 99% used [0x00000000eec00000,0x00000000ef0fea88,0x00000000ef100000)
  to   space 10240K, 0% used [0x00000000f1780000,0x00000000f1780000,0x00000000f2180000)
 ParOldGen       total 62976K, used 10555K [0x00000000c0000000, 0x00000000c3d80000, 0x00000000eab00000)
  object space 62976K, 16% used [0x00000000c0000000,0x00000000c0a4ef18,0x00000000c3d80000)
 Metaspace       used 26530K, capacity 26970K, committed 27136K, reserved 1073152K
  class space    used 3622K, capacity 3737K, committed 3840K, reserved 1048576K
}
Event: 4.715 GC heap before
{Heap before GC invocations=7 (full 1):
 PSYoungGen      total 71680K, used 71674K [0x00000000eab00000, 0x00000000f2180000, 0x0000000100000000)
  eden space 66560K, 100% used [0x00000000eab00000,0x00000000eec00000,0x00000000eec00000)
  from space 5120K, 99% used [0x00000000eec00000,0x00000000ef0fea88,0x00000000ef100000)
  to   space 10240K, 0% used [0x00000000f1780000,0x00000000f1780000,0x00000000f2180000)
 ParOldGen       total 62976K, used 10555K [0x00000000c0000000, 0x00000000c3d80000, 0x00000000eab00000)
  object space 62976K, 16% used [0x00000000c0000000,0x00000000c0a4ef18,0x00000000c3d80000)
 Metaspace       used 29773K, capacity 30354K, committed 30592K, reserved 1075200K
  class space    used 4023K, capacity 4209K, committed 4224K, reserved 1048576K
Event: 4.722 GC heap after
Heap after GC invocations=7 (full 1):
 PSYoungGen      total 105984K, used 7397K [0x00000000eab00000, 0x00000000f1f00000, 0x0000000100000000)
  eden space 98304K, 0% used [0x00000000eab00000,0x00000000eab00000,0x00000000f0b00000)
  from space 7680K, 96% used [0x00000000f1780000,0x00000000f1eb95e8,0x00000000f1f00000)
  to   space 10240K, 0% used [0x00000000f0b00000,0x00000000f0b00000,0x00000000f1500000)
 ParOldGen       total 62976K, used 10627K [0x00000000c0000000, 0x00000000c3d80000, 0x00000000eab00000)
  object space 62976K, 16% used [0x00000000c0000000,0x00000000c0a60f28,0x00000000c3d80000)
 Metaspace       used 29773K, capacity 30354K, committed 30592K, reserved 1075200K
  class space    used 4023K, capacity 4209K, committed 4224K, reserved 1048576K
}
Event: 5.706 GC heap before
{Heap before GC invocations=8 (full 1):
 PSYoungGen      total 105984K, used 105701K [0x00000000eab00000, 0x00000000f1f00000, 0x0000000100000000)
  eden space 98304K, 100% used [0x00000000eab00000,0x00000000f0b00000,0x00000000f0b00000)
  from space 7680K, 96% used [0x00000000f1780000,0x00000000f1eb95e8,0x00000000f1f00000)
  to   space 10240K, 0% used [0x00000000f0b00000,0x00000000f0b00000,0x00000000f1500000)
 ParOldGen       total 62976K, used 10627K [0x00000000c0000000, 0x00000000c3d80000, 0x00000000eab00000)
  object space 62976K, 16% used [0x00000000c0000000,0x00000000c0a60f28,0x00000000c3d80000)
 Metaspace       used 33657K, capacity 34352K, committed 34432K, reserved 1079296K
  class space    used 4531K, capacity 4719K, committed 4736K, reserved 1048576K
Event: 5.721 GC heap after
Heap after GC invocations=8 (full 1):
 PSYoungGen      total 108544K, used 10239K [0x00000000eab00000, 0x00000000f5200000, 0x0000000100000000)
  eden space 98304K, 0% used [0x00000000eab00000,0x00000000eab00000,0x00000000f0b00000)
  from space 10240K, 99% used [0x00000000f0b00000,0x00000000f14ffe18,0x00000000f1500000)
  to   space 12800K, 0% used [0x00000000f4580000,0x00000000f4580000,0x00000000f5200000)
 ParOldGen       total 62976K, used 13996K [0x00000000c0000000, 0x00000000c3d80000, 0x00000000eab00000)
  object space 62976K, 22% used [0x00000000c0000000,0x00000000c0dab3b8,0x00000000c3d80000)
 Metaspace       used 33657K, capacity 34352K, committed 34432K, reserved 1079296K
  class space    used 4531K, capacity 4719K, committed 4736K, reserved 1048576K
}

